GROUP,PACKAGE,CLASS,INSTRUCTION_MISSED,INSTRUCTION_COVERED,BRANCH_MISSED,BRANCH_COVERED,LINE_MISSED,LINE_COVERED,COMPLEXITY_MISSED,COMPLEXITY_COVERED,METHOD_MISSED,METHOD_COVERED
jgoslin-integration-tests/jgoslin-parsers,de.isas.lipidomics.palinom,GoslinFragmentsLexer,3113,0,8,0,35,0,17,0,13,0
jgoslin-integration-tests/jgoslin-parsers,de.isas.lipidomics.palinom,GoslinFragmentsParser.Pl_speciesContext,25,0,2,0,6,0,5,0,4,0
jgoslin-integration-tests/jgoslin-parsers,de.isas.lipidomics.palinom,SwissLipidsParser.Fa_lcb_prefix_typeContext,19,0,2,0,5,0,4,0,3,0
jgoslin-integration-tests/jgoslin-parsers,de.isas.lipidomics.palinom,HMDBLexer,16,2965,0,8,8,27,8,9,8,5
jgoslin-integration-tests/jgoslin-parsers,de.isas.lipidomics.palinom,HMDBParser.Med_positionsContext,30,5,2,0,6,2,6,1,5,1
jgoslin-integration-tests/jgoslin-parsers,de.isas.lipidomics.palinom,HMDBParser.GlContext,26,11,2,0,5,3,5,2,4,2
jgoslin-integration-tests/jgoslin-parsers,de.isas.lipidomics.palinom,HMDBParser.Fa_lcb_prefix_typeContext,19,0,2,0,5,0,4,0,3,0
jgoslin-integration-tests/jgoslin-parsers,de.isas.lipidomics.palinom,GoslinParser.Lpl_oContext,20,17,2,0,4,4,4,3,3,3
jgoslin-integration-tests/jgoslin-parsers,de.isas.lipidomics.palinom,LipidMapsParser.Special_cer_prefix_1_OContext,14,5,2,0,3,2,3,1,2,1
jgoslin-integration-tests/jgoslin-parsers,de.isas.lipidomics.palinom,GoslinParser.Adduct4Context,29,0,2,0,7,0,6,0,5,0
jgoslin-integration-tests/jgoslin-parsers,de.isas.lipidomics.palinom,SumFormulaParser.DigitContext,24,5,2,0,5,2,5,1,4,1
jgoslin-integration-tests/jgoslin-parsers,de.isas.lipidomics.palinom,HMDBParser.Headgroup_separatorContext,19,5,2,0,4,2,4,1,3,1
jgoslin-integration-tests/jgoslin-parsers,de.isas.lipidomics.palinom,GoslinParser.Old_hydroxylContext,19,0,2,0,5,0,4,0,3,0
jgoslin-integration-tests/jgoslin-parsers,de.isas.lipidomics.palinom,GoslinFragmentsParser.Fa2_unsortedContext,39,0,2,0,9,0,8,0,7,0
jgoslin-integration-tests/jgoslin-parsers,de.isas.lipidomics.palinom,LipidMapsParser.ModificationContext,25,21,2,0,5,5,5,4,4,4
jgoslin-integration-tests/jgoslin-parsers,de.isas.lipidomics.palinom,GoslinFragmentsParser.SterolContext,37,0,2,0,8,0,7,0,6,0
jgoslin-integration-tests/jgoslin-parsers,de.isas.lipidomics.palinom,GoslinFragmentsParser.Hg_mlclcContext,31,0,2,0,7,0,6,0,5,0
jgoslin-integration-tests/jgoslin-parsers,de.isas.lipidomics.palinom,GoslinParser.Hg_sac_fContext,19,0,2,0,5,0,4,0,3,0
jgoslin-integration-tests/jgoslin-parsers,de.isas.lipidomics.palinom,GoslinParser.Sorted_fa_separatorContext,24,5,2,0,5,2,5,1,4,1
jgoslin-integration-tests/jgoslin-parsers,de.isas.lipidomics.palinom,LipidMapsParser.Mediator_var_nameContext,19,0,2,0,5,0,4,0,3,0
jgoslin-integration-tests/jgoslin-parsers,de.isas.lipidomics.palinom,GoslinFragmentsParser.MglContext,37,0,2,0,8,0,7,0,6,0
jgoslin-integration-tests/jgoslin-parsers,de.isas.lipidomics.palinom,GoslinParser.Plasmalogen_separatorContext,25,5,2,0,5,2,5,1,4,1
jgoslin-integration-tests/jgoslin-parsers,de.isas.lipidomics.palinom,GoslinFragmentsParser.Adduct4Context,29,0,2,0,7,0,6,0,5,0
jgoslin-integration-tests/jgoslin-parsers,de.isas.lipidomics.palinom,GoslinFragmentsParser.LplContext,37,0,2,0,8,0,7,0,6,0
jgoslin-integration-tests/jgoslin-parsers,de.isas.lipidomics.palinom,HMDBParser.CarbonContext,14,11,2,0,3,3,3,2,2,2
jgoslin-integration-tests/jgoslin-parsers,de.isas.lipidomics.palinom,SwissLipidsParser.LipidContext,11,19,1,1,3,4,3,3,2,3
jgoslin-integration-tests/jgoslin-parsers,de.isas.lipidomics.palinom,GoslinFragmentsParser.Hg_lpl_ocContext,31,0,2,0,7,0,6,0,5,0
jgoslin-integration-tests/jgoslin-parsers,de.isas.lipidomics.palinom,GoslinFragmentsParser.MlclContext,43,0,2,0,9,0,8,0,7,0
jgoslin-integration-tests/jgoslin-parsers,de.isas.lipidomics.palinom,GoslinFragmentsParser.Isotope_numberContext,25,0,2,0,6,0,5,0,4,0
jgoslin-integration-tests/jgoslin-parsers,de.isas.lipidomics.palinom,LipidMapsParser.Headgroup_separatorContext,19,5,2,0,4,2,4,1,3,1
jgoslin-integration-tests/jgoslin-parsers,de.isas.lipidomics.palinom,LipidMapsParser.Hg_lplcContext,26,5,2,0,5,2,5,1,4,1
jgoslin-integration-tests/jgoslin-parsers,de.isas.lipidomics.palinom,LipidMapsParser.Cl_subspeciesContext,58,9,2,0,11,3,11,2,10,2
jgoslin-integration-tests/jgoslin-parsers,de.isas.lipidomics.palinom,GoslinFragmentsParser.Hg_plcContext,31,0,2,0,7,0,6,0,5,0
jgoslin-integration-tests/jgoslin-parsers,de.isas.lipidomics.palinom,GoslinParser.Sac_speciesContext,25,0,2,0,6,0,5,0,4,0
jgoslin-integration-tests/jgoslin-parsers,de.isas.lipidomics.palinom,HMDBParser.Db_position_separatorContext,19,5,2,0,4,2,4,1,3,1
jgoslin-integration-tests/jgoslin-parsers,de.isas.lipidomics.palinom,GoslinParser.Fa4_unsortedContext,38,9,2,0,8,3,8,2,7,2
jgoslin-integration-tests/jgoslin-parsers,de.isas.lipidomics.palinom,LipidMapsParser.Hg_glContext,14,5,2,0,3,2,3,1,2,1
jgoslin-integration-tests/jgoslin-parsers,de.isas.lipidomics.palinom,GoslinParser.Hg_stcsContext,31,0,2,0,7,0,6,0,5,0
jgoslin-integration-tests/jgoslin-parsers,de.isas.lipidomics.palinom,HMDBParser.Fa_faContext,35,0,2,0,8,0,7,0,6,0
jgoslin-integration-tests/jgoslin-parsers,de.isas.lipidomics.palinom,HMDBParser.LcbContext,26,11,2,0,5,3,5,2,4,2
jgoslin-integration-tests/jgoslin-parsers,de.isas.lipidomics.palinom,GoslinParser.GlContext,20,29,2,0,4,6,4,5,3,5
jgoslin-integration-tests/jgoslin-parsers,de.isas.lipidomics.palinom,LipidMapsParser.Lcb_fa_modContext,26,11,2,0,5,3,5,2,4,2
jgoslin-integration-tests/jgoslin-parsers,de.isas.lipidomics.palinom,GoslinParser.Tgl_subspeciesContext,14,11,2,0,3,3,3,2,2,2
jgoslin-integration-tests/jgoslin-parsers,de.isas.lipidomics.palinom,GoslinFragmentsParser.Dgl_subspeciesContext,25,0,2,0,6,0,5,0,4,0
jgoslin-integration-tests/jgoslin-parsers,de.isas.lipidomics.palinom,GoslinParser.Hg_dslcContext,26,5,2,0,5,2,5,1,4,1
jgoslin-integration-tests/jgoslin-parsers,de.isas.lipidomics.palinom,SwissLipidsParser.Db_single_positionContext,14,17,2,0,3,4,3,3,2,3
jgoslin-integration-tests/jgoslin-parsers,de.isas.lipidomics.palinom,SwissLipidsParser.Med_positionsContext,35,0,2,0,8,0,7,0,6,0
jgoslin-integration-tests/jgoslin-parsers,de.isas.lipidomics.palinom,SwissLipidsParser.Gl_mono_faContext,24,17,2,0,5,4,5,3,4,3
jgoslin-integration-tests/jgoslin-parsers,de.isas.lipidomics.palinom,SwissLipidsParser.SlContext,20,17,2,0,4,4,4,3,3,3
jgoslin-integration-tests/jgoslin-parsers,de.isas.lipidomics.palinom,LipidMapsParser.Sphingosine_nameContext,19,0,2,0,5,0,4,0,3,0
jgoslin-integration-tests/jgoslin-parsers,de.isas.lipidomics.palinom,HMDBParser.Fa_hgContext,19,0,2,0,5,0,4,0,3,0
jgoslin-integration-tests/jgoslin-parsers,de.isas.lipidomics.palinom,GoslinFragmentsParser.StcContext,31,0,2,0,7,0,6,0,5,0
jgoslin-integration-tests/jgoslin-parsers,de.isas.lipidomics.palinom,GoslinParser.Hg_dslContext,14,5,2,0,3,2,3,1,2,1
jgoslin-integration-tests/jgoslin-parsers,de.isas.lipidomics.palinom,LipidMapsParser.Hg_dslcContext,26,5,2,0,5,2,5,1,4,1
jgoslin-integration-tests/jgoslin-parsers,de.isas.lipidomics.palinom,SwissLipidsParser.Gl_molecularContext,20,17,2,0,4,4,4,3,3,3
jgoslin-integration-tests/jgoslin-parsers,de.isas.lipidomics.palinom,HMDBParser.Sl_lcb_speciesContext,24,11,2,0,5,3,5,2,4,2
jgoslin-integration-tests/jgoslin-parsers,de.isas.lipidomics.palinom,GoslinParser.Hg_steContext,14,5,2,0,3,2,3,1,2,1
jgoslin-integration-tests/jgoslin-parsers,de.isas.lipidomics.palinom,SwissLipidsParser.StContext,14,23,2,0,3,5,3,4,2,4
jgoslin-integration-tests/jgoslin-parsers,de.isas.lipidomics.palinom,SwissLipidsParser.Med_positionContext,47,0,2,0,10,0,9,0,8,0
jgoslin-integration-tests/jgoslin-parsers,de.isas.lipidomics.palinom,SwissLipidsParser.Gl_molecular_faContext,24,11,2,0,5,3,5,2,4,2
jgoslin-integration-tests/jgoslin-parsers,de.isas.lipidomics.palinom,LipidMapsParser.Fa2_unsortedContext,39,0,2,0,9,0,8,0,7,0
jgoslin-integration-tests/jgoslin-parsers,de.isas.lipidomics.palinom,HMDBParser.Pl_three_faContext,41,0,2,0,9,0,8,0,7,0
jgoslin-integration-tests/jgoslin-parsers,de.isas.lipidomics.palinom,LipidMapsParser.Db_positionContext,26,15,2,0,5,4,5,3,4,3
jgoslin-integration-tests/jgoslin-parsers,de.isas.lipidomics.palinom,GoslinFragmentsParser.Sl_speciesContext,25,0,2,0,6,0,5,0,4,0
jgoslin-integration-tests/jgoslin-parsers,de.isas.lipidomics.palinom,HMDBParser.St_sub2Context,37,0,2,0,8,0,7,0,6,0
jgoslin-integration-tests/jgoslin-parsers,de.isas.lipidomics.palinom,GoslinFragmentsParser.Gl_speciesContext,25,0,2,0,6,0,5,0,4,0
jgoslin-integration-tests/jgoslin-parsers,de.isas.lipidomics.palinom,GoslinParser.Hg_sglContext,14,5,2,0,3,2,3,1,2,1
jgoslin-integration-tests/jgoslin-parsers,de.isas.lipidomics.palinom,HMDBParser.Fa_lcb_suffix_numberContext,25,0,2,0,6,0,5,0,4,0
jgoslin-integration-tests/jgoslin-parsers,de.isas.lipidomics.palinom,GoslinFragmentsParser.Round_open_bracketContext,24,0,2,0,6,0,5,0,4,0
jgoslin-integration-tests/jgoslin-parsers,de.isas.lipidomics.palinom,GoslinFragmentsParser.Hg_stcsContext,37,0,2,0,8,0,7,0,6,0
jgoslin-integration-tests/jgoslin-parsers,de.isas.lipidomics.palinom,SwissLipidsParser.Fa3_unsortedContext,30,9,2,0,6,3,6,2,5,2
jgoslin-integration-tests/jgoslin-parsers,de.isas.lipidomics.palinom,LipidMapsParser.Mediator_numbersContext,47,0,2,0,10,0,9,0,8,0
jgoslin-integration-tests/jgoslin-parsers,de.isas.lipidomics.palinom,GoslinParser.PlContext,26,35,2,0,5,7,5,6,4,6
jgoslin-integration-tests/jgoslin-parsers,de.isas.lipidomics.palinom,GoslinFragmentsParser.Db_single_positionContext,31,0,2,0,7,0,6,0,5,0
jgoslin-integration-tests/jgoslin-parsers,de.isas.lipidomics.palinom,GoslinFragmentsParser.Charge_signContext,24,0,2,0,6,0,5,0,4,0
jgoslin-integration-tests/jgoslin-parsers,de.isas.lipidomics.palinom,HMDBParser.Fatty_acidContext,32,17,2,0,6,4,6,3,5,3
jgoslin-integration-tests/jgoslin-parsers,de.isas.lipidomics.palinom,LipidMapsParser.SphingoxineContext,31,0,2,0,7,0,6,0,5,0
jgoslin-integration-tests/jgoslin-parsers,de.isas.lipidomics.palinom,GoslinParser.Hg_lpl_oContext,14,5,2,0,3,2,3,1,2,1
jgoslin-integration-tests/jgoslin-parsers,de.isas.lipidomics.palinom,LipidMapsParser.Db_single_positionContext,14,17,2,0,3,4,3,3,2,3
jgoslin-integration-tests/jgoslin-parsers,de.isas.lipidomics.palinom,GoslinFragmentsParser.Fa_pureContext,49,0,2,0,10,0,9,0,8,0
jgoslin-integration-tests/jgoslin-parsers,de.isas.lipidomics.palinom,GoslinParser.Round_close_bracketContext,24,0,2,0,6,0,5,0,4,0
jgoslin-integration-tests/jgoslin-parsers,de.isas.lipidomics.palinom,SwissLipidsParser.PlContext,14,23,2,0,3,5,3,4,2,4
jgoslin-integration-tests/jgoslin-parsers,de.isas.lipidomics.palinom,HMDBParser.Db_single_positionContext,14,17,2,0,3,4,3,3,2,3
jgoslin-integration-tests/jgoslin-parsers,de.isas.lipidomics.palinom,SwissLipidsParser.Fa2Context,14,17,2,0,3,4,3,3,2,3
jgoslin-integration-tests/jgoslin-parsers,de.isas.lipidomics.palinom,LipidMapsParser.DplContext,14,23,2,0,3,5,3,4,2,4
jgoslin-integration-tests/jgoslin-parsers,de.isas.lipidomics.palinom,GoslinFragmentsParser.Hg_pip_tContext,19,0,2,0,5,0,4,0,3,0
jgoslin-integration-tests/jgoslin-parsers,de.isas.lipidomics.palinom,GoslinParser.StContext,14,5,2,0,3,2,3,1,2,1
jgoslin-integration-tests/jgoslin-parsers,de.isas.lipidomics.palinom,GoslinParser.Round_open_bracketContext,24,0,2,0,6,0,5,0,4,0
jgoslin-integration-tests/jgoslin-parsers,de.isas.lipidomics.palinom,GoslinFragmentsParser.Hg_lslcContext,31,0,2,0,7,0,6,0,5,0
jgoslin-integration-tests/jgoslin-parsers,de.isas.lipidomics.palinom,HMDBParser.Lcb_coreContext,20,23,2,0,4,5,4,4,3,4
jgoslin-integration-tests/jgoslin-parsers,de.isas.lipidomics.palinom,SwissLipidsParser.Sl_lcb_subspeciesContext,30,17,2,0,6,4,6,3,5,3
jgoslin-integration-tests/jgoslin-parsers,de.isas.lipidomics.palinom,LipidMapsParser.Hg_dplContext,14,5,2,0,3,2,3,1,2,1
jgoslin-integration-tests/jgoslin-parsers,de.isas.lipidomics.palinom,GoslinParser.Hg_pip_pureContext,14,5,2,0,3,2,3,1,2,1
jgoslin-integration-tests/jgoslin-parsers,de.isas.lipidomics.palinom,SumFormulaParser.Element_groupContext,14,17,2,0,3,4,3,3,2,3
jgoslin-integration-tests/jgoslin-parsers,de.isas.lipidomics.palinom,GoslinParser.Hg_tglContext,14,5,2,0,3,2,3,1,2,1
jgoslin-integration-tests/jgoslin-parsers,de.isas.lipidomics.palinom,GoslinFragmentsParser.Fa2Context,31,0,2,0,7,0,6,0,5,0
jgoslin-integration-tests/jgoslin-parsers,de.isas.lipidomics.palinom,GoslinFragmentsParser.Hg_stcContext,31,0,2,0,7,0,6,0,5,0
jgoslin-integration-tests/jgoslin-parsers,de.isas.lipidomics.palinom,GoslinParser.Isotope_elementContext,25,0,2,0,6,0,5,0,4,0
jgoslin-integration-tests/jgoslin-parsers,de.isas.lipidomics.palinom,HMDBParser.Gl_regularContext,20,17,2,0,4,4,4,3,3,3
jgoslin-integration-tests/jgoslin-parsers,de.isas.lipidomics.palinom,LipidMapsParser.ChecContext,20,17,2,0,4,4,4,3,3,3
jgoslin-integration-tests/jgoslin-parsers,de.isas.lipidomics.palinom,LipidMapsParser.Lcb_fa_sortedContext,24,17,2,0,5,4,5,3,4,3
jgoslin-integration-tests/jgoslin-parsers,de.isas.lipidomics.palinom,GoslinFragmentsParser.HydroxylContext,25,0,2,0,6,0,5,0,4,0
jgoslin-integration-tests/jgoslin-parsers,de.isas.lipidomics.palinom,GoslinParser.HeavyContext,30,0,2,0,7,0,6,0,5,0
jgoslin-integration-tests/jgoslin-parsers,de.isas.lipidomics.palinom,GoslinFragmentsParser.Arbitrary_adductContext,29,0,2,0,7,0,6,0,5,0
jgoslin-integration-tests/jgoslin-parsers,de.isas.lipidomics.palinom,SwissLipidsParser.Sl_lcbContext,14,17,2,0,3,4,3,3,2,3
jgoslin-integration-tests/jgoslin-parsers,de.isas.lipidomics.palinom,GoslinFragmentsParser.Tpl_subspeciesContext,25,0,2,0,6,0,5,0,4,0
jgoslin-integration-tests/jgoslin-parsers,de.isas.lipidomics.palinom,LipidMapsParser.CistransContext,14,5,2,0,3,2,3,1,2,1
jgoslin-integration-tests/jgoslin-parsers,de.isas.lipidomics.palinom,HMDBParser.EtherContext,26,5,2,0,5,2,5,1,4,1
jgoslin-integration-tests/jgoslin-parsers,de.isas.lipidomics.palinom,GoslinParser.Hg_dlclcContext,31,0,2,0,7,0,6,0,5,0
jgoslin-integration-tests/jgoslin-parsers,de.isas.lipidomics.palinom,SwissLipidsParser.Pl_three_faContext,41,0,2,0,9,0,8,0,7,0
jgoslin-integration-tests/jgoslin-parsers,de.isas.lipidomics.palinom,LipidMapsParser.Hg_sglContext,14,5,2,0,3,2,3,1,2,1
jgoslin-integration-tests/jgoslin-parsers,de.isas.lipidomics.palinom,HMDBParser.St_sub1_hgContext,14,5,2,0,3,2,3,1,2,1
jgoslin-integration-tests/jgoslin-parsers,de.isas.lipidomics.palinom,HMDBParser.Fa_speciesContext,14,11,2,0,3,3,3,2,2,2
jgoslin-integration-tests/jgoslin-parsers,de.isas.lipidomics.palinom,GoslinParser.Hg_lslcContext,26,5,2,0,5,2,5,1,4,1
jgoslin-integration-tests/jgoslin-parsers,de.isas.lipidomics.palinom,LipidMapsParser.Fa2Context,20,11,2,0,4,3,4,2,3,2
jgoslin-integration-tests/jgoslin-parsers,de.isas.lipidomics.palinom,HMDBParser.Pl_regularContext,20,17,2,0,4,4,4,3,3,3
jgoslin-integration-tests/jgoslin-parsers,de.isas.lipidomics.palinom,GoslinParser.SlContext,14,17,2,0,3,4,3,3,2,3
jgoslin-integration-tests/jgoslin-parsers,de.isas.lipidomics.palinom,HMDBParser.Lipid_pureContext,14,17,2,0,3,4,3,3,2,3
jgoslin-integration-tests/jgoslin-parsers,de.isas.lipidomics.palinom,HMDBParser.Carbon_db_separatorContext,19,5,2,0,4,2,4,1,3,1
jgoslin-integration-tests/jgoslin-parsers,de.isas.lipidomics.palinom,SwissLipidsParser.Gl_faContext,24,17,2,0,5,4,5,3,4,3
jgoslin-integration-tests/jgoslin-parsers,de.isas.lipidomics.palinom,GoslinParser.Db_positionsContext,35,0,2,0,8,0,7,0,6,0
jgoslin-integration-tests/jgoslin-parsers,de.isas.lipidomics.palinom,LipidMapsParser.Mediator_oxoContext,19,0,2,0,5,0,4,0,3,0
jgoslin-integration-tests/jgoslin-parsers,de.isas.lipidomics.palinom,GoslinParser.Dlcl_subspeciesContext,25,0,2,0,6,0,5,0,4,0
jgoslin-integration-tests/jgoslin-parsers,de.isas.lipidomics.palinom,GoslinFragmentsParser.Hg_lplcContext,31,0,2,0,7,0,6,0,5,0
jgoslin-integration-tests/jgoslin-parsers,de.isas.lipidomics.palinom,GoslinFragmentsParser.Hg_pip_dContext,19,0,2,0,5,0,4,0,3,0
jgoslin-integration-tests/jgoslin-parsers,de.isas.lipidomics.palinom,HMDBParser.Furan_faContext,31,0,2,0,7,0,6,0,5,0
jgoslin-integration-tests/jgoslin-parsers,de.isas.lipidomics.palinom,GoslinParser.Sac_f_subspeciesContext,25,0,2,0,6,0,5,0,4,0
jgoslin-integration-tests/jgoslin-parsers,de.isas.lipidomics.palinom,SwissLipidsParser.Mediator_singleContext,46,0,2,0,10,0,9,0,8,0
jgoslin-integration-tests/jgoslin-parsers,de.isas.lipidomics.palinom,GoslinParser.Hg_mgl_fullContext,26,5,2,0,5,2,5,1,4,1
jgoslin-integration-tests/jgoslin-parsers,de.isas.lipidomics.palinom,SwissLipidsParser.Lcb_coreContext,20,23,2,0,4,5,4,4,3,4
jgoslin-integration-tests/jgoslin-parsers,de.isas.lipidomics.palinom,LipidMapsParser.Hg_dslContext,20,5,2,0,4,2,4,1,3,1
jgoslin-integration-tests/jgoslin-parsers,de.isas.lipidomics.palinom,SwissLipidsParser.St_species_hgContext,14,5,2,0,3,2,3,1,2,1
jgoslin-integration-tests/jgoslin-parsers,de.isas.lipidomics.palinom,GoslinParser.CharacterContext,19,0,2,0,5,0,4,0,3,0
jgoslin-integration-tests/jgoslin-parsers,de.isas.lipidomics.palinom,LipidMapsParser.GlContext,14,17,2,0,3,4,3,3,2,3
jgoslin-integration-tests/jgoslin-parsers,de.isas.lipidomics.palinom,SwissLipidsParser.CistransContext,14,5,2,0,3,2,3,1,2,1
jgoslin-integration-tests/jgoslin-parsers,de.isas.lipidomics.palinom,SwissLipidsParser.Db_positionsContext,24,11,2,0,5,3,5,2,4,2
jgoslin-integration-tests/jgoslin-parsers,de.isas.lipidomics.palinom,GoslinParser.Heavy_hgContext,25,0,2,0,6,0,5,0,4,0
jgoslin-integration-tests/jgoslin-parsers,de.isas.lipidomics.palinom,GoslinFragmentsParser.HeavyContext,30,0,2,0,7,0,6,0,5,0
jgoslin-integration-tests/jgoslin-parsers,de.isas.lipidomics.palinom,SwissLipidsParser.Db_position_separatorContext,19,5,2,0,4,2,4,1,3,1
jgoslin-integration-tests/jgoslin-parsers,de.isas.lipidomics.palinom,SwissLipidsParser.Fa_lcb_suffix_typeContext,14,5,2,0,3,2,3,1,2,1
jgoslin-integration-tests/jgoslin-parsers,de.isas.lipidomics.palinom,SwissLipidsParser.St_species_faContext,24,11,2,0,5,3,5,2,4,2
jgoslin-integration-tests/jgoslin-parsers,de.isas.lipidomics.palinom,GoslinFragmentsParser.CarbonContext,25,0,2,0,6,0,5,0,4,0
jgoslin-integration-tests/jgoslin-parsers,de.isas.lipidomics.palinom,GoslinFragmentsParser.Hg_lslContext,19,0,2,0,5,0,4,0,3,0
jgoslin-integration-tests/jgoslin-parsers,de.isas.lipidomics.palinom,GoslinFragmentsParser.DlclContext,43,0,2,0,9,0,8,0,7,0
jgoslin-integration-tests/jgoslin-parsers,de.isas.lipidomics.palinom,GoslinParser.Hg_lpl_ocContext,26,5,2,0,5,2,5,1,4,1
jgoslin-integration-tests/jgoslin-parsers,de.isas.lipidomics.palinom,LipidMapsParser.CtypeContext,25,0,2,0,6,0,5,0,4,0
jgoslin-integration-tests/jgoslin-parsers,de.isas.lipidomics.palinom,SwissLipidsParser.St_speciesContext,20,17,2,0,4,4,4,3,3,3
jgoslin-integration-tests/jgoslin-parsers,de.isas.lipidomics.palinom,SwissLipidsParser.Gl_hgContext,14,5,2,0,3,2,3,1,2,1
jgoslin-integration-tests/jgoslin-parsers,de.isas.lipidomics.palinom,LipidMapsParser.IsoformContext,32,5,2,0,6,2,6,1,5,1
jgoslin-integration-tests/jgoslin-parsers,de.isas.lipidomics.palinom,HMDBParser.Fa3_unsortedContext,39,0,2,0,9,0,8,0,7,0
jgoslin-integration-tests/jgoslin-parsers,de.isas.lipidomics.palinom,GoslinFragmentsParser.Hg_pipContext,43,0,2,0,9,0,8,0,7,0
jgoslin-integration-tests/jgoslin-parsers,de.isas.lipidomics.palinom,VisitorParser,0,26,0,0,0,8,0,2,0,2
jgoslin-integration-tests/jgoslin-parsers,de.isas.lipidomics.palinom,SumFormulaParser.Single_elementContext,14,11,2,0,3,3,3,2,2,2
jgoslin-integration-tests/jgoslin-parsers,de.isas.lipidomics.palinom,SwissLipidsLexer,16,2665,0,8,8,27,8,9,8,5
jgoslin-integration-tests/jgoslin-parsers,de.isas.lipidomics.palinom,GoslinFragmentsParser.Isotope_elementContext,25,0,2,0,6,0,5,0,4,0
jgoslin-integration-tests/jgoslin-parsers,de.isas.lipidomics.palinom,SwissLipidsParser.Fa4_unsortedContext,39,0,2,0,9,0,8,0,7,0
jgoslin-integration-tests/jgoslin-parsers,de.isas.lipidomics.palinom,LipidMapsParser.Fa3_unsortedContext,47,0,2,0,11,0,10,0,9,0
jgoslin-integration-tests/jgoslin-parsers,de.isas.lipidomics.palinom,GoslinParser.Fa3_unsortedContext,38,9,2,0,8,3,8,2,7,2
jgoslin-integration-tests/jgoslin-parsers,de.isas.lipidomics.palinom,GoslinFragmentsParser.Lipid_pureContext,55,0,2,0,11,0,10,0,9,0
jgoslin-integration-tests/jgoslin-parsers,de.isas.lipidomics.palinom,LipidMapsParser.Tgl_subspeciesContext,26,11,2,0,5,3,5,2,4,2
jgoslin-integration-tests/jgoslin-parsers,de.isas.lipidomics.palinom,HMDBParser.Pl_hgContext,14,5,2,0,3,2,3,1,2,1
jgoslin-integration-tests/jgoslin-parsers,de.isas.lipidomics.palinom,SumFormulaParser.Molecule_ruleContext,14,11,2,0,3,3,3,2,2,2
jgoslin-integration-tests/jgoslin-parsers,de.isas.lipidomics.palinom,SwissLipidsParser.FaContext,14,23,2,0,3,5,3,4,2,4
jgoslin-integration-tests/jgoslin-parsers,de.isas.lipidomics.palinom,GoslinParser.Hg_mlclcContext,26,5,2,0,5,2,5,1,4,1
jgoslin-integration-tests/jgoslin-parsers,de.isas.lipidomics.palinom,HMDBParser.SlContext,20,17,2,0,4,4,4,3,3,3
jgoslin-integration-tests/jgoslin-parsers,de.isas.lipidomics.palinom,HMDBParser.Fa_coreContext,20,23,2,0,4,5,4,4,3,4
jgoslin-integration-tests/jgoslin-parsers,de.isas.lipidomics.palinom,LipidMapsParser.CheContext,20,17,2,0,4,4,4,3,3,3
jgoslin-integration-tests/jgoslin-parsers,de.isas.lipidomics.palinom,LipidMapsParser.Carbon_db_separatorContext,19,5,2,0,4,2,4,1,3,1
jgoslin-integration-tests/jgoslin-parsers,de.isas.lipidomics.palinom,LipidMapsParser.Fa_pureContext,26,23,2,0,5,5,5,4,4,4
jgoslin-integration-tests/jgoslin-parsers,de.isas.lipidomics.palinom,GoslinParser.IsotopesContext,35,0,2,0,8,0,7,0,6,0
jgoslin-integration-tests/jgoslin-parsers,de.isas.lipidomics.palinom,HMDBParser.Db_positionContext,26,15,2,0,5,4,5,3,4,3
jgoslin-integration-tests/jgoslin-parsers,de.isas.lipidomics.palinom,SwissLipidsParser.GlContext,14,23,2,0,3,5,3,4,2,4
jgoslin-integration-tests/jgoslin-parsers,de.isas.lipidomics.palinom,GoslinParser.Hg_sqml_fullContext,37,0,2,0,8,0,7,0,6,0
jgoslin-integration-tests/jgoslin-parsers,de.isas.lipidomics.palinom,HMDBParser.Fa_lcb_suffix_separatorContext,24,0,2,0,6,0,5,0,4,0
jgoslin-integration-tests/jgoslin-parsers,de.isas.lipidomics.palinom,HMDBParser.St_sub1Context,20,17,2,0,4,4,4,3,3,3
jgoslin-integration-tests/jgoslin-parsers,de.isas.lipidomics.palinom,LipidMapsParser.Fa_mod_separatorContext,24,0,2,0,6,0,5,0,4,0
jgoslin-integration-tests/jgoslin-parsers,de.isas.lipidomics.palinom,SumFormulaParser,222,737,25,30,56,164,30,27,10,14
jgoslin-integration-tests/jgoslin-parsers,de.isas.lipidomics.palinom,GoslinFragmentsParser.Hg_dgl_fullContext,31,0,2,0,7,0,6,0,5,0
jgoslin-integration-tests/jgoslin-parsers,de.isas.lipidomics.palinom,GoslinParser.Fa_pureContext,26,23,2,0,5,5,5,4,4,4
jgoslin-integration-tests/jgoslin-parsers,de.isas.lipidomics.palinom,HMDBParser.Pl_threeContext,37,0,2,0,8,0,7,0,6,0
jgoslin-integration-tests/jgoslin-parsers,de.isas.lipidomics.palinom,LipidMapsParser.Hg_ddplContext,14,17,2,0,3,4,3,3,2,3
jgoslin-integration-tests/jgoslin-parsers,de.isas.lipidomics.palinom,GoslinParser.Lipid_pureContext,20,35,2,0,4,7,4,6,3,6
jgoslin-integration-tests/jgoslin-parsers,de.isas.lipidomics.palinom,GoslinParser.Db_position_separatorContext,24,0,2,0,6,0,5,0,4,0
jgoslin-integration-tests/jgoslin-parsers,de.isas.lipidomics.palinom,LipidMapsParser.Fa3Context,20,11,2,0,4,3,4,2,3,2
jgoslin-integration-tests/jgoslin-parsers,de.isas.lipidomics.palinom,HMDBParser.Gl_mono_hgContext,19,0,2,0,5,0,4,0,3,0
jgoslin-integration-tests/jgoslin-parsers,de.isas.lipidomics.palinom,GoslinFragmentsParser.Round_close_bracketContext,24,0,2,0,6,0,5,0,4,0
jgoslin-integration-tests/jgoslin-parsers,de.isas.lipidomics.palinom,SwissLipidsParser.Sl_hgContext,32,5,2,0,6,2,6,1,5,1
jgoslin-integration-tests/jgoslin-parsers,de.isas.lipidomics.palinom,HMDBParser.St_sub2_faContext,35,0,2,0,8,0,7,0,6,0
jgoslin-integration-tests/jgoslin-parsers,de.isas.lipidomics.palinom,LipidMapsParser.Hg_clContext,14,5,2,0,3,2,3,1,2,1
jgoslin-integration-tests/jgoslin-parsers,de.isas.lipidomics.palinom,HMDBParser.HydroxylContext,14,5,2,0,3,2,3,1,2,1
jgoslin-integration-tests/jgoslin-parsers,de.isas.lipidomics.palinom,GoslinFragmentsParser.SglContext,43,0,2,0,9,0,8,0,7,0
jgoslin-integration-tests/jgoslin-parsers,de.isas.lipidomics.palinom,GoslinFragmentsParser.Hg_sqml_fullContext,37,0,2,0,8,0,7,0,6,0
jgoslin-integration-tests/jgoslin-parsers,de.isas.lipidomics.palinom,HMDBParser.Gl_mono_faContext,41,0,2,0,9,0,8,0,7,0
jgoslin-integration-tests/jgoslin-parsers,de.isas.lipidomics.palinom,GoslinFragmentsParser.SignContext,54,0,2,0,12,0,11,0,10,0
jgoslin-integration-tests/jgoslin-parsers,de.isas.lipidomics.palinom,GoslinParser.Hg_plContext,26,5,2,0,5,2,5,1,4,1
jgoslin-integration-tests/jgoslin-parsers,de.isas.lipidomics.palinom,GoslinParser.Lcb_pureContext,32,23,2,0,6,5,6,4,5,4
jgoslin-integration-tests/jgoslin-parsers,de.isas.lipidomics.palinom,GoslinFragmentsParser.Sac_fContext,43,0,2,0,9,0,8,0,7,0
jgoslin-integration-tests/jgoslin-parsers,de.isas.lipidomics.palinom,SwissLipidsParser.Gl_molecular_hgContext,14,5,2,0,3,2,3,1,2,1
jgoslin-integration-tests/jgoslin-parsers,de.isas.lipidomics.palinom,GoslinFragmentsParser.Headgroup_separatorContext,24,0,2,0,6,0,5,0,4,0
jgoslin-integration-tests/jgoslin-parsers,de.isas.lipidomics.palinom,SwissLipidsParser.Db_positionContext,26,15,2,0,5,4,5,3,4,3
jgoslin-integration-tests/jgoslin-parsers,de.isas.lipidomics.palinom,LipidMapsParser.FourplContext,49,0,2,0,10,0,9,0,8,0
jgoslin-integration-tests/jgoslin-parsers,de.isas.lipidomics.palinom,GoslinParser.ClContext,20,23,2,0,4,5,4,4,3,4
jgoslin-integration-tests/jgoslin-parsers,de.isas.lipidomics.palinom,GoslinFragmentsParser.Isotope_countContext,25,0,2,0,6,0,5,0,4,0
jgoslin-integration-tests/jgoslin-parsers,de.isas.lipidomics.palinom,LipidMapsParser.EtherContext,14,5,2,0,3,2,3,1,2,1
jgoslin-integration-tests/jgoslin-parsers,de.isas.lipidomics.palinom,LipidMapsParser.Tgl_speciesContext,26,11,2,0,5,3,5,2,4,2
jgoslin-integration-tests/jgoslin-parsers,de.isas.lipidomics.palinom,GoslinFragmentsParser.ElementContext,19,0,2,0,5,0,4,0,3,0
jgoslin-integration-tests/jgoslin-parsers,de.isas.lipidomics.palinom,LipidMapsParser.ThreeplContext,26,23,2,0,5,5,5,4,4,4
jgoslin-integration-tests/jgoslin-parsers,de.isas.lipidomics.palinom,HMDBParser.Db_countContext,20,5,2,0,4,2,4,1,3,1
jgoslin-integration-tests/jgoslin-parsers,de.isas.lipidomics.palinom,HMDBParser.Interlink_faContext,45,0,2,0,10,0,9,0,8,0
jgoslin-integration-tests/jgoslin-parsers,de.isas.lipidomics.palinom,GoslinFragmentsParser.DglContext,43,0,2,0,9,0,8,0,7,0
jgoslin-integration-tests/jgoslin-parsers,de.isas.lipidomics.palinom,GoslinFragmentsParser.Hg_tglContext,19,0,2,0,5,0,4,0,3,0
jgoslin-integration-tests/jgoslin-parsers,de.isas.lipidomics.palinom,HMDBParser.Sl_lcb_subspeciesContext,30,17,2,0,6,4,6,3,5,3
jgoslin-integration-tests/jgoslin-parsers,de.isas.lipidomics.palinom,GoslinParser.CistransContext,19,0,2,0,5,0,4,0,3,0
jgoslin-integration-tests/jgoslin-parsers,de.isas.lipidomics.palinom,GoslinFragmentsParser.TplContext,43,0,2,0,9,0,8,0,7,0
jgoslin-integration-tests/jgoslin-parsers,de.isas.lipidomics.palinom,HMDBParser.Ganglioside_namesContext,14,5,2,0,3,2,3,1,2,1
jgoslin-integration-tests/jgoslin-parsers,de.isas.lipidomics.palinom,LipidMapsParser.Mediator_name_separatorContext,24,0,2,0,6,0,5,0,4,0
jgoslin-integration-tests/jgoslin-parsers,de.isas.lipidomics.palinom,GoslinFragmentsParser.Pl_oContext,31,0,2,0,7,0,6,0,5,0
jgoslin-integration-tests/jgoslin-parsers,de.isas.lipidomics.palinom,LipidMapsParser.SterolContext,14,17,2,0,3,4,3,3,2,3
jgoslin-integration-tests/jgoslin-parsers,de.isas.lipidomics.palinom,GoslinParser.Lipid_eofContext,14,17,2,0,3,4,3,3,2,3
jgoslin-integration-tests/jgoslin-parsers,de.isas.lipidomics.palinom,HMDBParser.Med_suffixContext,14,5,2,0,3,2,3,1,2,1
jgoslin-integration-tests/jgoslin-parsers,de.isas.lipidomics.palinom,LipidMapsParser.SglContext,14,23,2,0,3,5,3,4,2,4
jgoslin-integration-tests/jgoslin-parsers,de.isas.lipidomics.palinom,GoslinFragmentsParser.Hg_plContext,31,0,2,0,7,0,6,0,5,0
jgoslin-integration-tests/jgoslin-parsers,de.isas.lipidomics.palinom,GoslinParser.Hg_pip_mContext,19,0,2,0,5,0,4,0,3,0
jgoslin-integration-tests/jgoslin-parsers,de.isas.lipidomics.palinom,GoslinParser.Hg_sac_di_cContext,31,0,2,0,7,0,6,0,5,0
jgoslin-integration-tests/jgoslin-parsers,de.isas.lipidomics.palinom,SwissLipidsParser.Fa_faContext,24,11,2,0,5,3,5,2,4,2
jgoslin-integration-tests/jgoslin-parsers,de.isas.lipidomics.palinom,LipidMapsParser.Cl_speciesContext,26,11,2,0,5,3,5,2,4,2
jgoslin-integration-tests/jgoslin-parsers,de.isas.lipidomics.palinom,GoslinFragmentsParser.MediatorContext,19,0,2,0,5,0,4,0,3,0
jgoslin-integration-tests/jgoslin-parsers,de.isas.lipidomics.palinom,SwissLipidsBaseVisitor,348,3,0,0,87,1,87,1,87,1
jgoslin-integration-tests/jgoslin-parsers,de.isas.lipidomics.palinom,GoslinParser.Charge_signContext,19,5,2,0,4,2,4,1,3,1
jgoslin-integration-tests/jgoslin-parsers,de.isas.lipidomics.palinom,SwissLipidsParser.Fa3Context,14,17,2,0,3,4,3,3,2,3
jgoslin-integration-tests/jgoslin-parsers,de.isas.lipidomics.palinom,HMDBParser.Fa_lcb_prefix_separatorContext,24,0,2,0,6,0,5,0,4,0
jgoslin-integration-tests/jgoslin-parsers,de.isas.lipidomics.palinom,HMDBParser.Fa_lcb_suffix_coreContext,37,0,2,0,8,0,7,0,6,0
jgoslin-integration-tests/jgoslin-parsers,de.isas.lipidomics.palinom,SwissLipidsParser.Gl_monoContext,20,17,2,0,4,4,4,3,3,3
jgoslin-integration-tests/jgoslin-parsers,de.isas.lipidomics.palinom,GoslinFragmentsParser.Hg_pip_mContext,19,0,2,0,5,0,4,0,3,0
jgoslin-integration-tests/jgoslin-parsers,de.isas.lipidomics.palinom,GoslinFragmentsParser.SaccharolipidContext,31,0,2,0,7,0,6,0,5,0
jgoslin-integration-tests/jgoslin-parsers,de.isas.lipidomics.palinom,LipidMapsParser.Sphingoxine_pureContext,31,0,2,0,7,0,6,0,5,0
jgoslin-integration-tests/jgoslin-parsers,de.isas.lipidomics.palinom,GoslinFragmentsParser.Sorted_fa_separatorContext,29,0,2,0,7,0,6,0,5,0
jgoslin-integration-tests/jgoslin-parsers,de.isas.lipidomics.palinom,GoslinFragmentsParser.ChargeContext,19,0,2,0,5,0,4,0,3,0
jgoslin-integration-tests/jgoslin-parsers,de.isas.lipidomics.palinom,LipidMapsParser.Pure_fa_speciesContext,32,11,2,0,6,3,6,2,5,2
jgoslin-integration-tests/jgoslin-parsers,de.isas.lipidomics.palinom,LipidMapsParser.Round_open_bracketContext,19,5,2,0,4,2,4,1,3,1
jgoslin-integration-tests/jgoslin-parsers,de.isas.lipidomics.palinom,SwissLipidsParser.Fa_lcb_suffix_separatorContext,19,5,2,0,4,2,4,1,3,1
jgoslin-integration-tests/jgoslin-parsers,de.isas.lipidomics.palinom,GoslinParser.HydroxylContext,20,5,2,0,4,2,4,1,3,1
jgoslin-integration-tests/jgoslin-parsers,de.isas.lipidomics.palinom,GoslinParser.Hg_tgl_fullContext,26,5,2,0,5,2,5,1,4,1
jgoslin-integration-tests/jgoslin-parsers,de.isas.lipidomics.palinom,LipidMapsParser.DbContext,14,17,2,0,3,4,3,3,2,3
jgoslin-integration-tests/jgoslin-parsers,de.isas.lipidomics.palinom,LipidMapsParser.Pk_hgContext,14,5,2,0,3,2,3,1,2,1
jgoslin-integration-tests/jgoslin-parsers,de.isas.lipidomics.palinom,GoslinFragmentsParser.Hg_steContext,19,0,2,0,5,0,4,0,3,0
jgoslin-integration-tests/jgoslin-parsers,de.isas.lipidomics.palinom,LipidMapsParser.Dpl_subspeciesContext,26,11,2,0,5,3,5,2,4,2
jgoslin-integration-tests/jgoslin-parsers,de.isas.lipidomics.palinom,GoslinParser.SteContext,20,17,2,0,4,4,4,3,3,3
jgoslin-integration-tests/jgoslin-parsers,de.isas.lipidomics.palinom,GoslinParser.Sac_fContext,43,0,2,0,9,0,8,0,7,0
jgoslin-integration-tests/jgoslin-parsers,de.isas.lipidomics.palinom,GoslinParser.Hg_lpimContext,25,0,2,0,6,0,5,0,4,0
jgoslin-integration-tests/jgoslin-parsers,de.isas.lipidomics.palinom,LipidMapsParser.SlContext,20,17,2,0,4,4,4,3,3,3
jgoslin-integration-tests/jgoslin-parsers,de.isas.lipidomics.palinom,LipidMapsParser.Hg_fourplContext,19,0,2,0,5,0,4,0,3,0
jgoslin-integration-tests/jgoslin-parsers,de.isas.lipidomics.palinom,GoslinFragmentsParser.Hg_pip_pureContext,19,0,2,0,5,0,4,0,3,0
jgoslin-integration-tests/jgoslin-parsers,de.isas.lipidomics.palinom,GoslinParser.Hg_tplcContext,31,0,2,0,7,0,6,0,5,0
jgoslin-integration-tests/jgoslin-parsers,de.isas.lipidomics.palinom,GoslinFragmentsParser.CharacterContext,19,0,2,0,5,0,4,0,3,0
jgoslin-integration-tests/jgoslin-parsers,de.isas.lipidomics.palinom,GoslinParser.Hg_lpim_numberContext,25,0,2,0,6,0,5,0,4,0
jgoslin-integration-tests/jgoslin-parsers,de.isas.lipidomics.palinom,GoslinParser.Db_countContext,20,5,2,0,4,2,4,1,3,1
jgoslin-integration-tests/jgoslin-parsers,de.isas.lipidomics.palinom,LipidMapsParser.Mediator_varContext,37,0,2,0,8,0,7,0,6,0
jgoslin-integration-tests/jgoslin-parsers,de.isas.lipidomics.palinom,SwissLipidsParser.Pl_three_hgContext,19,0,2,0,5,0,4,0,3,0
jgoslin-integration-tests/jgoslin-parsers,de.isas.lipidomics.palinom,LipidMapsParser.Lcb_faContext,14,17,2,0,3,4,3,3,2,3
jgoslin-integration-tests/jgoslin-parsers,de.isas.lipidomics.palinom,HandlerUtils,3,21,0,0,1,4,1,4,1,4
jgoslin-integration-tests/jgoslin-parsers,de.isas.lipidomics.palinom,GoslinFragmentsParser.Hg_tplcContext,31,0,2,0,7,0,6,0,5,0
jgoslin-integration-tests/jgoslin-parsers,de.isas.lipidomics.palinom,GoslinParser.Pl_subspeciesContext,14,11,2,0,3,3,3,2,2,2
jgoslin-integration-tests/jgoslin-parsers,de.isas.lipidomics.palinom,SwissLipidsParser.Fa_speciesContext,14,11,2,0,3,3,3,2,2,2
jgoslin-integration-tests/jgoslin-parsers,de.isas.lipidomics.palinom,GoslinParser.Gl_speciesContext,25,0,2,0,6,0,5,0,4,0
jgoslin-integration-tests/jgoslin-parsers,de.isas.lipidomics.palinom,LipidMapsParser.ClContext,14,23,2,0,3,5,3,4,2,4
jgoslin-integration-tests/jgoslin-parsers,de.isas.lipidomics.palinom,GoslinParser.Hg_pl_ocContext,26,5,2,0,5,2,5,1,4,1
jgoslin-integration-tests/jgoslin-parsers,de.isas.lipidomics.palinom,LipidMapsParser.Db_position_separatorContext,19,5,2,0,4,2,4,1,3,1
jgoslin-integration-tests/jgoslin-parsers,de.isas.lipidomics.palinom,GoslinParser.LslContext,20,17,2,0,4,4,4,3,3,3
jgoslin-integration-tests/jgoslin-parsers,de.isas.lipidomics.palinom,GoslinFragmentsParser.Just_lipidContext,31,0,2,0,7,0,6,0,5,0
jgoslin-integration-tests/jgoslin-parsers,de.isas.lipidomics.palinom,HMDBParser.GangliosideContext,26,5,2,0,5,2,5,1,4,1
jgoslin-integration-tests/jgoslin-parsers,de.isas.lipidomics.palinom,GoslinParser.ChargeContext,14,5,2,0,3,2,3,1,2,1
jgoslin-integration-tests/jgoslin-parsers,de.isas.lipidomics.palinom,SwissLipidsParser.Fa_lcb_prefix_separatorContext,24,0,2,0,6,0,5,0,4,0
jgoslin-integration-tests/jgoslin-parsers,de.isas.lipidomics.palinom,SwissLipidsParser.Lipid_pureContext,14,35,2,0,3,7,3,6,2,6
jgoslin-integration-tests/jgoslin-parsers,de.isas.lipidomics.palinom,LipidMapsParser.LplContext,26,17,2,0,5,4,5,3,4,3
jgoslin-integration-tests/jgoslin-parsers,de.isas.lipidomics.palinom,SwissLipidsParser.Gl_regularContext,20,17,2,0,4,4,4,3,3,3
jgoslin-integration-tests/jgoslin-parsers,de.isas.lipidomics.palinom,LipidMapsParser.Fa_modContext,26,11,2,0,5,3,5,2,4,2
jgoslin-integration-tests/jgoslin-parsers,de.isas.lipidomics.palinom,GoslinFragmentsParser.CistransContext,19,0,2,0,5,0,4,0,3,0
jgoslin-integration-tests/jgoslin-parsers,de.isas.lipidomics.palinom,SwissLipidsParser.Pl_regularContext,20,17,2,0,4,4,4,3,3,3
jgoslin-integration-tests/jgoslin-parsers,de.isas.lipidomics.palinom,GoslinParser.Sl_speciesContext,25,0,2,0,6,0,5,0,4,0
jgoslin-integration-tests/jgoslin-parsers,de.isas.lipidomics.palinom,LipidMapsParser.Fa3_sortedContext,38,9,2,0,8,3,8,2,7,2
jgoslin-integration-tests/jgoslin-parsers,de.isas.lipidomics.palinom,SwissLipidsParser.Fa_lcb_suffixContext,36,5,2,0,7,2,7,1,6,1
jgoslin-integration-tests/jgoslin-parsers,de.isas.lipidomics.palinom,GoslinParser.LcbContext,14,17,2,0,3,4,3,3,2,3
jgoslin-integration-tests/jgoslin-parsers,de.isas.lipidomics.palinom,GoslinFragmentsParser.Frag_charContext,41,0,2,0,9,0,8,0,7,0
jgoslin-integration-tests/jgoslin-parsers,de.isas.lipidomics.palinom,GoslinFragmentsParser.Db_hydroxyl_separatorContext,24,0,2,0,6,0,5,0,4,0
jgoslin-integration-tests/jgoslin-parsers,de.isas.lipidomics.palinom,GoslinParser.Adduct_infoContext,20,23,2,0,4,5,4,4,3,4
jgoslin-integration-tests/jgoslin-parsers,de.isas.lipidomics.palinom,LipidMapsLexer,14,2883,0,8,7,28,7,10,7,6
jgoslin-integration-tests/jgoslin-parsers,de.isas.lipidomics.palinom,LipidMapsParser.Hg_clcContext,26,5,2,0,5,2,5,1,4,1
jgoslin-integration-tests/jgoslin-parsers,de.isas.lipidomics.palinom,GoslinFragmentsParser.DbContext,31,0,2,0,7,0,6,0,5,0
jgoslin-integration-tests/jgoslin-parsers,de.isas.lipidomics.palinom,GoslinParser.MediatorContext,19,0,2,0,5,0,4,0,3,0
jgoslin-integration-tests/jgoslin-parsers,de.isas.lipidomics.palinom,GoslinParser.TglContext,20,23,2,0,4,5,4,4,3,4
jgoslin-integration-tests/jgoslin-parsers,de.isas.lipidomics.palinom,LipidMapsParser.Sphinganine_nameContext,19,0,2,0,5,0,4,0,3,0
jgoslin-integration-tests/jgoslin-parsers,de.isas.lipidomics.palinom,SumFormulaParser.Molecule_groupContext,20,21,2,0,4,5,4,4,3,4
jgoslin-integration-tests/jgoslin-parsers,de.isas.lipidomics.palinom,HMDBParser.St_sub1_faContext,24,11,2,0,5,3,5,2,4,2
jgoslin-integration-tests/jgoslin-parsers,de.isas.lipidomics.palinom,GoslinFragmentsParser.Hg_sqmlContext,19,0,2,0,5,0,4,0,3,0
jgoslin-integration-tests/jgoslin-parsers,de.isas.lipidomics.palinom,SwissLipidsParser.Sl_hg_suffixContext,44,0,2,0,10,0,9,0,8,0
jgoslin-integration-tests/jgoslin-parsers,de.isas.lipidomics.palinom,GoslinParser.Pl_speciesContext,25,0,2,0,6,0,5,0,4,0
jgoslin-integration-tests/jgoslin-parsers,de.isas.lipidomics.palinom,GoslinFragmentsParser.Fa3Context,31,0,2,0,7,0,6,0,5,0
jgoslin-integration-tests/jgoslin-parsers,de.isas.lipidomics.palinom,GoslinFragmentsParser.Unsorted_fa_separatorContext,29,0,2,0,7,0,6,0,5,0
jgoslin-integration-tests/jgoslin-parsers,de.isas.lipidomics.palinom,GoslinFragmentsParser,14147,0,495,0,3066,0,487,0,171,0
jgoslin-integration-tests/jgoslin-parsers,de.isas.lipidomics.palinom,GoslinFragmentsParser.Fa3_unsortedContext,47,0,2,0,11,0,10,0,9,0
jgoslin-integration-tests/jgoslin-parsers,de.isas.lipidomics.palinom,GoslinParser.Headgroup_separatorContext,19,5,2,0,4,2,4,1,3,1
jgoslin-integration-tests/jgoslin-parsers,de.isas.lipidomics.palinom,GoslinFragmentsParser.Lcb_pureContext,55,0,2,0,11,0,10,0,9,0
jgoslin-integration-tests/jgoslin-parsers,de.isas.lipidomics.palinom,LipidMapsParser.Fa2_sortedContext,30,9,2,0,6,3,6,2,5,2
jgoslin-integration-tests/jgoslin-parsers,de.isas.lipidomics.palinom,GoslinFragmentsParser.Sac_f_subspeciesContext,25,0,2,0,6,0,5,0,4,0
jgoslin-integration-tests/jgoslin-parsers,de.isas.lipidomics.palinom,SwissLipidsParser.Headgroup_separatorContext,19,5,2,0,4,2,4,1,3,1
jgoslin-integration-tests/jgoslin-parsers,de.isas.lipidomics.palinom,LipidMapsParser.Fa_lplContext,14,17,2,0,3,4,3,3,2,3
jgoslin-integration-tests/jgoslin-parsers,de.isas.lipidomics.palinom,GoslinFragmentsParser.LipidContext,30,0,2,0,7,0,6,0,5,0
jgoslin-integration-tests/jgoslin-parsers,de.isas.lipidomics.palinom,HMDBParser.Db_positionsContext,24,11,2,0,5,3,5,2,4,2
jgoslin-integration-tests/jgoslin-parsers,de.isas.lipidomics.palinom,GoslinFragmentsParser.StesContext,37,0,2,0,8,0,7,0,6,0
jgoslin-integration-tests/jgoslin-parsers,de.isas.lipidomics.palinom,GoslinParser.SaccharolipidContext,31,0,2,0,7,0,6,0,5,0
jgoslin-integration-tests/jgoslin-parsers,de.isas.lipidomics.palinom,LipidMapsParser.Hg_glcContext,26,5,2,0,5,2,5,1,4,1
jgoslin-integration-tests/jgoslin-parsers,de.isas.lipidomics.palinom,LipidMapsParser.Fa_no_hgContext,14,11,2,0,3,3,3,2,2,2
jgoslin-integration-tests/jgoslin-parsers,de.isas.lipidomics.palinom,LipidMapsParser.Fa4_sortedContext,47,0,2,0,11,0,10,0,9,0
jgoslin-integration-tests/jgoslin-parsers,de.isas.lipidomics.palinom,GoslinFragmentsParser.TglContext,43,0,2,0,9,0,8,0,7,0
jgoslin-integration-tests/jgoslin-parsers,de.isas.lipidomics.palinom,GoslinParser.Fa3_sortedContext,47,0,2,0,11,0,10,0,9,0
jgoslin-integration-tests/jgoslin-parsers,de.isas.lipidomics.palinom,HMDBParser.Mediator_singleContext,41,5,2,0,8,2,8,1,7,1
jgoslin-integration-tests/jgoslin-parsers,de.isas.lipidomics.palinom,LipidMapsParser.Hg_lplContext,14,5,2,0,3,2,3,1,2,1
jgoslin-integration-tests/jgoslin-parsers,de.isas.lipidomics.palinom,GoslinFragmentsParser.Hg_sglContext,19,0,2,0,5,0,4,0,3,0
jgoslin-integration-tests/jgoslin-parsers,de.isas.lipidomics.palinom,GoslinFragmentsParser.StContext,19,0,2,0,5,0,4,0,3,0
jgoslin-integration-tests/jgoslin-parsers,de.isas.lipidomics.palinom,HMDBParser.Sl_hg_suffixContext,44,0,2,0,10,0,9,0,8,0
jgoslin-integration-tests/jgoslin-parsers,de.isas.lipidomics.palinom,GoslinFragmentsParser.Heavy_faContext,25,0,2,0,6,0,5,0,4,0
jgoslin-integration-tests/jgoslin-parsers,de.isas.lipidomics.palinom,GoslinParser.DplContext,20,23,2,0,4,5,4,4,3,4
jgoslin-integration-tests/jgoslin-parsers,de.isas.lipidomics.palinom,GoslinFragmentsParser.Hg_pimContext,25,0,2,0,6,0,5,0,4,0
jgoslin-integration-tests/jgoslin-parsers,de.isas.lipidomics.palinom,GoslinFragmentsParser.Carbon_db_separatorContext,24,0,2,0,6,0,5,0,4,0
jgoslin-integration-tests/jgoslin-parsers,de.isas.lipidomics.palinom,GoslinParser.Adduct2Context,29,0,2,0,7,0,6,0,5,0
jgoslin-integration-tests/jgoslin-parsers,de.isas.lipidomics.palinom,HMDBParser.Fa4_sortedContext,30,9,2,0,6,3,6,2,5,2
jgoslin-integration-tests/jgoslin-parsers,de.isas.lipidomics.palinom,GoslinParser.Isotope_numberContext,25,0,2,0,6,0,5,0,4,0
jgoslin-integration-tests/jgoslin-parsers,de.isas.lipidomics.palinom,LipidMapsParser.Db_positionsContext,24,11,2,0,5,3,5,2,4,2
jgoslin-integration-tests/jgoslin-parsers,de.isas.lipidomics.palinom,GoslinFragmentsParser.Fa4_sortedContext,47,0,2,0,11,0,10,0,9,0
jgoslin-integration-tests/jgoslin-parsers,de.isas.lipidomics.palinom,HMDBParser.Gl_molecular_faContext,35,0,2,0,8,0,7,0,6,0
jgoslin-integration-tests/jgoslin-parsers,de.isas.lipidomics.palinom,GoslinFragmentsParser.Db_positionContext,41,0,2,0,9,0,8,0,7,0
jgoslin-integration-tests/jgoslin-parsers,de.isas.lipidomics.palinom,SumFormulaLexer,42,231,5,3,13,22,11,6,8,5
jgoslin-integration-tests/jgoslin-parsers,de.isas.lipidomics.palinom,HMDBParser.St_sub2_hgContext,19,0,2,0,5,0,4,0,3,0
jgoslin-integration-tests/jgoslin-parsers,de.isas.lipidomics.palinom,GoslinFragmentsParser.PlContext,61,0,2,0,12,0,11,0,10,0
jgoslin-integration-tests/jgoslin-parsers,de.isas.lipidomics.palinom,GoslinFragmentsParser.IsotopesContext,35,0,2,0,8,0,7,0,6,0
jgoslin-integration-tests/jgoslin-parsers,de.isas.lipidomics.palinom,GoslinFragmentsParser.Hg_sac_diContext,19,0,2,0,5,0,4,0,3,0
jgoslin-integration-tests/jgoslin-parsers,de.isas.lipidomics.palinom,LipidMapsParser.Hg_faContext,14,5,2,0,3,2,3,1,2,1
jgoslin-integration-tests/jgoslin-parsers,de.isas.lipidomics.palinom,LipidMapsParser.Sgl_speciesContext,26,11,2,0,5,3,5,2,4,2
jgoslin-integration-tests/jgoslin-parsers,de.isas.lipidomics.palinom,HMDBParser.MediatorContext,20,17,2,0,4,4,4,3,3,3
jgoslin-integration-tests/jgoslin-parsers,de.isas.lipidomics.palinom,LipidMapsParser.Species_faContext,14,11,2,0,3,3,3,2,2,2
jgoslin-integration-tests/jgoslin-parsers,de.isas.lipidomics.palinom,LipidMapsParser.LipidContext,11,19,1,1,3,4,3,3,2,3
jgoslin-integration-tests/jgoslin-parsers,de.isas.lipidomics.palinom,GoslinFragmentsParser.SlContext,31,0,2,0,7,0,6,0,5,0
jgoslin-integration-tests/jgoslin-parsers,de.isas.lipidomics.palinom,LipidMapsParser.Fa_separatorContext,39,0,2,0,9,0,8,0,7,0
jgoslin-integration-tests/jgoslin-parsers,de.isas.lipidomics.palinom,GoslinFragmentsParser.Hg_pl_ocContext,31,0,2,0,7,0,6,0,5,0
jgoslin-integration-tests/jgoslin-parsers,de.isas.lipidomics.palinom,GoslinFragmentsParser.Hg_stesContext,19,0,2,0,5,0,4,0,3,0
jgoslin-integration-tests/jgoslin-parsers,de.isas.lipidomics.palinom,GoslinFragmentsParser.Pl_subspeciesContext,25,0,2,0,6,0,5,0,4,0
jgoslin-integration-tests/jgoslin-parsers,de.isas.lipidomics.palinom,GoslinFragmentsParser.Db_position_numberContext,25,0,2,0,6,0,5,0,4,0
jgoslin-integration-tests/jgoslin-parsers,de.isas.lipidomics.palinom,GoslinParser.Fa3Context,14,17,2,0,3,4,3,3,2,3
jgoslin-integration-tests/jgoslin-parsers,de.isas.lipidomics.palinom,SwissLipidsParser.Fa2_sortedContext,26,9,2,0,5,3,5,2,4,2
jgoslin-integration-tests/jgoslin-parsers,de.isas.lipidomics.palinom,GoslinFragmentsParser.Adduct2Context,29,0,2,0,7,0,6,0,5,0
jgoslin-integration-tests/jgoslin-parsers,de.isas.lipidomics.palinom,GoslinParser.Dgl_subspeciesContext,14,11,2,0,3,3,3,2,2,2
jgoslin-integration-tests/jgoslin-parsers,de.isas.lipidomics.palinom,GoslinFragmentsParser.Sl_subspeciesContext,37,0,2,0,8,0,7,0,6,0
jgoslin-integration-tests/jgoslin-parsers,de.isas.lipidomics.palinom,LipidMapsParser.Hg_lslContext,14,5,2,0,3,2,3,1,2,1
jgoslin-integration-tests/jgoslin-parsers,de.isas.lipidomics.palinom,HMDBParser.Ether_typeContext,14,5,2,0,3,2,3,1,2,1
jgoslin-integration-tests/jgoslin-parsers,de.isas.lipidomics.palinom,LipidMapsParser.Hg_sglcContext,26,5,2,0,5,2,5,1,4,1
jgoslin-integration-tests/jgoslin-parsers,de.isas.lipidomics.palinom,LipidMapsParser.Sgl_subspeciesContext,26,11,2,0,5,3,5,2,4,2
jgoslin-integration-tests/jgoslin-parsers,de.isas.lipidomics.palinom,LipidMapsParser.Special_cerContext,20,5,2,0,4,2,4,1,3,1
jgoslin-integration-tests/jgoslin-parsers,de.isas.lipidomics.palinom,GoslinParser.Hg_plcContext,26,5,2,0,5,2,5,1,4,1
jgoslin-integration-tests/jgoslin-parsers,de.isas.lipidomics.palinom,SwissLipidsParser.Carbon_db_separatorContext,19,5,2,0,4,2,4,1,3,1
jgoslin-integration-tests/jgoslin-parsers,de.isas.lipidomics.palinom,LipidMapsParser.CarbonContext,20,5,2,0,4,2,4,1,3,1
jgoslin-integration-tests/jgoslin-parsers,de.isas.lipidomics.palinom,GoslinParser.Mlcl_subspeciesContext,14,11,2,0,3,3,3,2,2,2
jgoslin-integration-tests/jgoslin-parsers,de.isas.lipidomics.palinom,HMDBParser.Gl_hgContext,14,5,2,0,3,2,3,1,2,1
jgoslin-integration-tests/jgoslin-parsers,de.isas.lipidomics.palinom,GoslinParser.DbContext,14,17,2,0,3,4,3,3,2,3
jgoslin-integration-tests/jgoslin-parsers,de.isas.lipidomics.palinom,SwissLipidsParser.Unsorted_fa_separatorContext,19,5,2,0,4,2,4,1,3,1
jgoslin-integration-tests/jgoslin-parsers,de.isas.lipidomics.palinom,GoslinParser.Hg_sqmlContext,19,0,2,0,5,0,4,0,3,0
jgoslin-integration-tests/jgoslin-parsers,de.isas.lipidomics.palinom,LipidMapsParser.Fa4Context,31,0,2,0,7,0,6,0,5,0
jgoslin-integration-tests/jgoslin-parsers,de.isas.lipidomics.palinom,LipidMapsParser.Mediator_prefixContext,35,0,2,0,8,0,7,0,6,0
jgoslin-integration-tests/jgoslin-parsers,de.isas.lipidomics.palinom,GoslinFragmentsParser.Mlcl_subspeciesContext,25,0,2,0,6,0,5,0,4,0
jgoslin-integration-tests/jgoslin-parsers,de.isas.lipidomics.palinom,LipidMapsParser.Hg_cheContext,14,5,2,0,3,2,3,1,2,1
jgoslin-integration-tests/jgoslin-parsers,de.isas.lipidomics.palinom,GoslinFragmentsParser.Dpl_oContext,43,0,2,0,9,0,8,0,7,0
jgoslin-integration-tests/jgoslin-parsers,de.isas.lipidomics.palinom,GoslinFragmentsParser.ClContext,43,0,2,0,9,0,8,0,7,0
jgoslin-integration-tests/jgoslin-parsers,de.isas.lipidomics.palinom,GoslinParser.IsotopeContext,37,0,2,0,8,0,7,0,6,0
jgoslin-integration-tests/jgoslin-parsers,de.isas.lipidomics.palinom,LipidMapsParser.IsotopeContext,53,0,2,0,11,0,10,0,9,0
jgoslin-integration-tests/jgoslin-parsers,de.isas.lipidomics.palinom,HMDBParser.Fa2Context,14,17,2,0,3,4,3,3,2,3
jgoslin-integration-tests/jgoslin-parsers,de.isas.lipidomics.palinom,GoslinParser.Hg_sgl_fullContext,26,5,2,0,5,2,5,1,4,1
jgoslin-integration-tests/jgoslin-parsers,de.isas.lipidomics.palinom,GoslinParser.MediatorcContext,31,0,2,0,7,0,6,0,5,0
jgoslin-integration-tests/jgoslin-parsers,de.isas.lipidomics.palinom,GoslinFragmentsParser.Adduct_infoContext,43,0,2,0,9,0,8,0,7,0
jgoslin-integration-tests/jgoslin-parsers,de.isas.lipidomics.palinom,GoslinFragmentsParser.Fragment_nameContext,25,0,2,0,6,0,5,0,4,0
jgoslin-integration-tests/jgoslin-parsers,de.isas.lipidomics.palinom,GoslinParser.DslContext,20,23,2,0,4,5,4,4,3,4
jgoslin-integration-tests/jgoslin-parsers,de.isas.lipidomics.palinom,GoslinFragmentsParser.Db_countContext,25,0,2,0,6,0,5,0,4,0
jgoslin-integration-tests/jgoslin-parsers,de.isas.lipidomics.palinom,HMDBParser.Sl_hgContext,32,5,2,0,6,2,6,1,5,1
jgoslin-integration-tests/jgoslin-parsers,de.isas.lipidomics.palinom,SwissLipidsParser.Fa_lcb_suffix_numberContext,20,5,2,0,4,2,4,1,3,1
jgoslin-integration-tests/jgoslin-parsers,de.isas.lipidomics.palinom,GoslinParser.DlclContext,43,0,2,0,9,0,8,0,7,0
jgoslin-integration-tests/jgoslin-parsers,de.isas.lipidomics.palinom,GoslinFragmentsParser.Db_positionsContext,35,0,2,0,8,0,7,0,6,0
jgoslin-integration-tests/jgoslin-parsers,de.isas.lipidomics.palinom,SwissLipidsParser.Fa4Context,14,17,2,0,3,4,3,3,2,3
jgoslin-integration-tests/jgoslin-parsers,de.isas.lipidomics.palinom,HMDBParser.Fa4_unsortedContext,39,0,2,0,9,0,8,0,7,0
jgoslin-integration-tests/jgoslin-parsers,de.isas.lipidomics.palinom,HMDBParser.Pl_four_hgContext,14,5,2,0,3,2,3,1,2,1
jgoslin-integration-tests/jgoslin-parsers,de.isas.lipidomics.palinom,HMDBParser.Furan_fa_diContext,39,0,2,0,9,0,8,0,7,0
jgoslin-integration-tests/jgoslin-parsers,de.isas.lipidomics.palinom,SwissLipidsParser.Db_position_numberContext,20,5,2,0,4,2,4,1,3,1
jgoslin-integration-tests/jgoslin-parsers,de.isas.lipidomics.palinom,GoslinParser.Fa4_sortedContext,47,0,2,0,11,0,10,0,9,0
jgoslin-integration-tests/jgoslin-parsers,de.isas.lipidomics.palinom,HMDBParser.Gl_faContext,24,17,2,0,5,4,5,3,4,3
jgoslin-integration-tests/jgoslin-parsers,de.isas.lipidomics.palinom,LipidMapsParser.Db_position_numberContext,20,5,2,0,4,2,4,1,3,1
jgoslin-integration-tests/jgoslin-parsers,de.isas.lipidomics.palinom,SwissLipidsParser.Pl_four_hgContext,14,5,2,0,3,2,3,1,2,1
jgoslin-integration-tests/jgoslin-parsers,de.isas.lipidomics.palinom,GoslinParser.Hg_pip_tContext,14,5,2,0,3,2,3,1,2,1
jgoslin-integration-tests/jgoslin-parsers,de.isas.lipidomics.palinom,GoslinParser.SglContext,20,23,2,0,4,5,4,4,3,4
jgoslin-integration-tests/jgoslin-parsers,de.isas.lipidomics.palinom,SwissLipidsParser.Pl_hgContext,14,5,2,0,3,2,3,1,2,1
jgoslin-integration-tests/jgoslin-parsers,de.isas.lipidomics.palinom,LipidMapsParser.Round_close_bracketContext,19,5,2,0,4,2,4,1,3,1
jgoslin-integration-tests/jgoslin-parsers,de.isas.lipidomics.palinom,SwissLipidsParser.Pl_fourContext,20,17,2,0,4,4,4,3,3,3
jgoslin-integration-tests/jgoslin-parsers,de.isas.lipidomics.palinom,SumFormulaParser.ElementContext,14,5,2,0,3,2,3,1,2,1
jgoslin-integration-tests/jgoslin-parsers,de.isas.lipidomics.palinom,GoslinParser.AdductContext,26,5,2,0,5,2,5,1,4,1
jgoslin-integration-tests/jgoslin-parsers,de.isas.lipidomics.palinom,HMDBParser.Sl_hg_namesContext,20,5,2,0,4,2,4,1,3,1
jgoslin-integration-tests/jgoslin-parsers,de.isas.lipidomics.palinom,GoslinParser.Hg_mglContext,14,5,2,0,3,2,3,1,2,1
jgoslin-integration-tests/jgoslin-parsers,de.isas.lipidomics.palinom,HMDBParser.Gl_molecular_hgContext,19,0,2,0,5,0,4,0,3,0
jgoslin-integration-tests/jgoslin-parsers,de.isas.lipidomics.palinom,LipidMapsParser.Hydroxyl_lcbContext,14,5,2,0,3,2,3,1,2,1
jgoslin-integration-tests/jgoslin-parsers,de.isas.lipidomics.palinom,GoslinFragmentsParser.DslContext,43,0,2,0,9,0,8,0,7,0
jgoslin-integration-tests/jgoslin-parsers,de.isas.lipidomics.palinom,GoslinParser.ElementContext,19,0,2,0,5,0,4,0,3,0
jgoslin-integration-tests/jgoslin-parsers,de.isas.lipidomics.palinom,GoslinParser.Heavy_lcbContext,25,0,2,0,6,0,5,0,4,0
jgoslin-integration-tests/jgoslin-parsers,de.isas.lipidomics.palinom,GoslinParser.Hg_lslContext,14,5,2,0,3,2,3,1,2,1
jgoslin-integration-tests/jgoslin-parsers,de.isas.lipidomics.palinom,GoslinFragmentsParser.Fa4_unsortedContext,47,0,2,0,11,0,10,0,9,0
jgoslin-integration-tests/jgoslin-parsers,de.isas.lipidomics.palinom,HMDBBaseVisitor,400,3,0,0,100,1,100,1,100,1
jgoslin-integration-tests/jgoslin-parsers,de.isas.lipidomics.palinom,HMDBParser.Lipid_suffixContext,19,0,2,0,5,0,4,0,3,0
jgoslin-integration-tests/jgoslin-parsers,de.isas.lipidomics.palinom,GoslinParser.Hg_pipContext,38,5,2,0,7,2,7,1,6,1
jgoslin-integration-tests/jgoslin-parsers,de.isas.lipidomics.palinom,GoslinFragmentsParser.Hg_lpimContext,25,0,2,0,6,0,5,0,4,0
jgoslin-integration-tests/jgoslin-parsers,de.isas.lipidomics.palinom,LipidMapsBaseVisitor,520,3,0,0,130,1,130,1,130,1
jgoslin-integration-tests/jgoslin-parsers,de.isas.lipidomics.palinom,GoslinParser.CarbonContext,20,5,2,0,4,2,4,1,3,1
jgoslin-integration-tests/jgoslin-parsers,de.isas.lipidomics.palinom,GoslinFragmentsParser.Hg_sac_di_cContext,31,0,2,0,7,0,6,0,5,0
jgoslin-integration-tests/jgoslin-parsers,de.isas.lipidomics.palinom,GoslinFragmentsParser.Plasmalogen_separatorContext,30,0,2,0,7,0,6,0,5,0
jgoslin-integration-tests/jgoslin-parsers,de.isas.lipidomics.palinom,SwissLipidsParser.St_sub1Context,20,17,2,0,4,4,4,3,3,3
jgoslin-integration-tests/jgoslin-parsers,de.isas.lipidomics.palinom,SwissLipidsParser.St_sub2Context,25,17,2,0,5,4,5,3,4,3
jgoslin-integration-tests/jgoslin-parsers,de.isas.lipidomics.palinom,HMDBParser.Pl_faContext,24,17,2,0,5,4,5,3,4,3
jgoslin-integration-tests/jgoslin-parsers,de.isas.lipidomics.palinom,HMDBParser.St_speciesContext,37,0,2,0,8,0,7,0,6,0
jgoslin-integration-tests/jgoslin-parsers,de.isas.lipidomics.palinom,LipidMapsParser.Hg_dplcContext,26,5,2,0,5,2,5,1,4,1
jgoslin-integration-tests/jgoslin-parsers,de.isas.lipidomics.palinom,HMDBParser.Fa3_sortedContext,30,9,2,0,6,3,6,2,5,2
jgoslin-integration-tests/jgoslin-parsers,de.isas.lipidomics.palinom,GoslinFragmentsParser.Heavy_hgContext,25,0,2,0,6,0,5,0,4,0
jgoslin-integration-tests/jgoslin-parsers,de.isas.lipidomics.palinom,LipidMapsParser.Square_open_bracketContext,19,5,2,0,4,2,4,1,3,1
jgoslin-integration-tests/jgoslin-parsers,de.isas.lipidomics.palinom,GoslinFragmentsParser.Fa4Context,31,0,2,0,7,0,6,0,5,0
jgoslin-integration-tests/jgoslin-parsers,de.isas.lipidomics.palinom,HMDBParser.Db_suffix_numberContext,20,5,2,0,4,2,4,1,3,1
jgoslin-integration-tests/jgoslin-parsers,de.isas.lipidomics.palinom,GoslinParser.Fa2_sortedContext,30,9,2,0,6,3,6,2,5,2
jgoslin-integration-tests/jgoslin-parsers,de.isas.lipidomics.palinom,HMDBParser.CistransContext,14,5,2,0,3,2,3,1,2,1
jgoslin-integration-tests/jgoslin-parsers,de.isas.lipidomics.palinom,GoslinErrorHandler,17,25,2,2,3,5,2,3,1,2
jgoslin-integration-tests/jgoslin-parsers,de.isas.lipidomics.palinom,HMDBParser.Ether_link_posContext,30,0,2,0,7,0,6,0,5,0
jgoslin-integration-tests/jgoslin-parsers,de.isas.lipidomics.palinom,SwissLipidsParser.Sorted_fa_separatorContext,19,5,2,0,4,2,4,1,3,1
jgoslin-integration-tests/jgoslin-parsers,de.isas.lipidomics.palinom,SwissLipidsParser.NumberContext,20,5,2,0,4,2,4,1,3,1
jgoslin-integration-tests/jgoslin-parsers,de.isas.lipidomics.palinom,GoslinFragmentsParser.Tgl_subspeciesContext,25,0,2,0,6,0,5,0,4,0
jgoslin-integration-tests/jgoslin-parsers,de.isas.lipidomics.palinom,SwissLipidsParser.Sl_lcb_speciesContext,24,11,2,0,5,3,5,2,4,2
jgoslin-integration-tests/jgoslin-parsers,de.isas.lipidomics.palinom,LipidMapsParser.Hg_lslcContext,26,5,2,0,5,2,5,1,4,1
jgoslin-integration-tests/jgoslin-parsers,de.isas.lipidomics.palinom,HMDBParser.DigitContext,24,5,2,0,5,2,5,1,4,1
jgoslin-integration-tests/jgoslin-parsers,de.isas.lipidomics.palinom,GoslinFragmentsParser.NumberContext,25,0,2,0,6,0,5,0,4,0
jgoslin-integration-tests/jgoslin-parsers,de.isas.lipidomics.palinom,GoslinParser.Isotope_countContext,25,0,2,0,6,0,5,0,4,0
jgoslin-integration-tests/jgoslin-parsers,de.isas.lipidomics.palinom,GoslinParser.Hg_dlclContext,19,0,2,0,5,0,4,0,3,0
jgoslin-integration-tests/jgoslin-parsers,de.isas.lipidomics.palinom,GoslinFragmentsParser.Lipid_eofContext,36,0,2,0,8,0,7,0,6,0
jgoslin-integration-tests/jgoslin-parsers,de.isas.lipidomics.palinom,LipidMapsParser,5271,8372,304,221,1421,1585,297,200,51,105
jgoslin-integration-tests/jgoslin-parsers,de.isas.lipidomics.palinom,GoslinFragmentsParser.Hg_dslContext,19,0,2,0,5,0,4,0,3,0
jgoslin-integration-tests/jgoslin-parsers,de.isas.lipidomics.palinom,LipidMapsParser.ChContext,14,5,2,0,3,2,3,1,2,1
jgoslin-integration-tests/jgoslin-parsers,de.isas.lipidomics.palinom,GoslinFragmentsParser.Hg_sac_f_cContext,31,0,2,0,7,0,6,0,5,0
jgoslin-integration-tests/jgoslin-parsers,de.isas.lipidomics.palinom,GoslinFragmentsParser.Dlcl_subspeciesContext,25,0,2,0,6,0,5,0,4,0
jgoslin-integration-tests/jgoslin-parsers,de.isas.lipidomics.palinom,HMDBParser.Fa_lcb_suffixContext,41,0,2,0,9,0,8,0,7,0
jgoslin-integration-tests/jgoslin-parsers,de.isas.lipidomics.palinom,GoslinParser.Hg_stesContext,19,0,2,0,5,0,4,0,3,0
jgoslin-integration-tests/jgoslin-parsers,de.isas.lipidomics.palinom,HMDBParser.St_species_faContext,35,0,2,0,8,0,7,0,6,0
jgoslin-integration-tests/jgoslin-parsers,de.isas.lipidomics.palinom,HMDBParser.Db_suffixContext,20,5,2,0,4,2,4,1,3,1
jgoslin-integration-tests/jgoslin-parsers,de.isas.lipidomics.palinom,LipidMapsParser.Mediator_constContext,19,0,2,0,5,0,4,0,3,0
jgoslin-integration-tests/jgoslin-parsers,de.isas.lipidomics.palinom,GoslinFragmentsParser.Fa2_sortedContext,39,0,2,0,9,0,8,0,7,0
jgoslin-integration-tests/jgoslin-parsers,de.isas.lipidomics.palinom,HMDBParser.Sorted_fa_separatorContext,19,5,2,0,4,2,4,1,3,1
jgoslin-integration-tests/jgoslin-parsers,de.isas.lipidomics.palinom,GoslinParser.Hg_lplContext,20,5,2,0,4,2,4,1,3,1
jgoslin-integration-tests/jgoslin-parsers,de.isas.lipidomics.palinom,HMDBParser.DbContext,20,17,2,0,4,4,4,3,3,3
jgoslin-integration-tests/jgoslin-parsers,de.isas.lipidomics.palinom,SwissLipidsParser,3698,6234,265,133,1045,1083,259,128,32,79
jgoslin-integration-tests/jgoslin-parsers,de.isas.lipidomics.palinom,HMDBParser.FaContext,20,23,2,0,4,5,4,4,3,4
jgoslin-integration-tests/jgoslin-parsers,de.isas.lipidomics.palinom,SwissLipidsParser.St_sub1_faContext,24,11,2,0,5,3,5,2,4,2
jgoslin-integration-tests/jgoslin-parsers,de.isas.lipidomics.palinom,GoslinParser.Hg_stcContext,26,5,2,0,5,2,5,1,4,1
jgoslin-integration-tests/jgoslin-parsers,de.isas.lipidomics.palinom,GoslinParser.SqmlContext,37,0,2,0,8,0,7,0,6,0
jgoslin-integration-tests/jgoslin-parsers,de.isas.lipidomics.palinom,GoslinParser.SterolContext,20,17,2,0,4,4,4,3,3,3
jgoslin-integration-tests/jgoslin-parsers,de.isas.lipidomics.palinom,GoslinParser.LipidContext,11,19,1,1,3,4,3,3,2,3
jgoslin-integration-tests/jgoslin-parsers,de.isas.lipidomics.palinom,GoslinFragmentsParser.DplContext,43,0,2,0,9,0,8,0,7,0
jgoslin-integration-tests/jgoslin-parsers,de.isas.lipidomics.palinom,GoslinFragmentsParser.Fa3_sortedContext,47,0,2,0,11,0,10,0,9,0
jgoslin-integration-tests/jgoslin-parsers,de.isas.lipidomics.palinom,GoslinParser.Fa2Context,14,17,2,0,3,4,3,3,2,3
jgoslin-integration-tests/jgoslin-parsers,de.isas.lipidomics.palinom,SumFormulaParser.CountContext,20,5,2,0,4,2,4,1,3,1
jgoslin-integration-tests/jgoslin-parsers,de.isas.lipidomics.palinom,LipidMapsParser.Pip_posContext,35,5,2,0,7,2,7,1,6,1
jgoslin-integration-tests/jgoslin-parsers,de.isas.lipidomics.palinom,HMDBParser.Unsorted_fa_separatorContext,24,0,2,0,6,0,5,0,4,0
jgoslin-integration-tests/jgoslin-parsers,de.isas.lipidomics.palinom,LipidMapsParser.Che_faContext,26,17,2,0,5,4,5,3,4,3
jgoslin-integration-tests/jgoslin-parsers,de.isas.lipidomics.palinom,HMDBParser.Db_position_numberContext,20,5,2,0,4,2,4,1,3,1
jgoslin-integration-tests/jgoslin-parsers,de.isas.lipidomics.palinom,LipidMapsParser.ElementContext,19,0,2,0,5,0,4,0,3,0
jgoslin-integration-tests/jgoslin-parsers,de.isas.lipidomics.palinom,GoslinFragmentsParser.Hg_lpl_oContext,19,0,2,0,5,0,4,0,3,0
jgoslin-integration-tests/jgoslin-parsers,de.isas.lipidomics.palinom,GoslinParser.Hg_dglContext,14,5,2,0,3,2,3,1,2,1
jgoslin-integration-tests/jgoslin-parsers,de.isas.lipidomics.palinom,GoslinParser.Tpl_subspeciesContext,25,0,2,0,6,0,5,0,4,0
jgoslin-integration-tests/jgoslin-parsers,de.isas.lipidomics.palinom,LipidMapsParser.NumberContext,24,5,2,0,5,2,5,1,4,1
jgoslin-integration-tests/jgoslin-parsers,de.isas.lipidomics.palinom,SwissLipidsParser.Pl_four_faContext,24,23,2,0,5,5,5,4,4,4
jgoslin-integration-tests/jgoslin-parsers,de.isas.lipidomics.palinom,GoslinFragmentsParser.Hg_mglContext,19,0,2,0,5,0,4,0,3,0
jgoslin-integration-tests/jgoslin-parsers,de.isas.lipidomics.palinom,GoslinLexer,16,3085,0,8,8,27,8,9,8,5
jgoslin-integration-tests/jgoslin-parsers,de.isas.lipidomics.palinom,SwissLipidsParser.Sl_hg_namesContext,14,5,2,0,3,2,3,1,2,1
jgoslin-integration-tests/jgoslin-parsers,de.isas.lipidomics.palinom,GoslinParser.Hg_tplContext,19,0,2,0,5,0,4,0,3,0
jgoslin-integration-tests/jgoslin-parsers,de.isas.lipidomics.palinom,GoslinParser.Hg_clcContext,26,5,2,0,5,2,5,1,4,1
jgoslin-integration-tests/jgoslin-parsers,de.isas.lipidomics.palinom,LipidMapsParser.Sphingoxine_varContext,43,0,2,0,9,0,8,0,7,0
jgoslin-integration-tests/jgoslin-parsers,de.isas.lipidomics.palinom,GoslinFragmentsParser.MediatorcContext,31,0,2,0,7,0,6,0,5,0
jgoslin-integration-tests/jgoslin-parsers,de.isas.lipidomics.palinom,HMDBParser.Med_positionContext,42,5,2,0,8,2,8,1,7,1
jgoslin-integration-tests/jgoslin-parsers,de.isas.lipidomics.palinom,GoslinFragmentsParser.Hg_lpim_numberContext,25,0,2,0,6,0,5,0,4,0
jgoslin-integration-tests/jgoslin-parsers,de.isas.lipidomics.palinom,GoslinParser.MlclContext,20,23,2,0,4,5,4,4,3,4
jgoslin-integration-tests/jgoslin-parsers,de.isas.lipidomics.palinom,LipidMapsParser.MediatorContext,31,0,2,0,7,0,6,0,5,0
jgoslin-integration-tests/jgoslin-parsers,de.isas.lipidomics.palinom,SwissLipidsParser.Med_position_separatorContext,24,0,2,0,6,0,5,0,4,0
jgoslin-integration-tests/jgoslin-parsers,de.isas.lipidomics.palinom,LipidMapsParser.Hg_threeplContext,14,5,2,0,3,2,3,1,2,1
jgoslin-integration-tests/jgoslin-parsers,de.isas.lipidomics.palinom,GoslinParser.Hg_pim_numberContext,25,0,2,0,6,0,5,0,4,0
jgoslin-integration-tests/jgoslin-parsers,de.isas.lipidomics.palinom,HMDBParser.NumberContext,20,5,2,0,4,2,4,1,3,1
jgoslin-integration-tests/jgoslin-parsers,de.isas.lipidomics.palinom,GoslinFragmentsParser.Hg_sac_fContext,19,0,2,0,5,0,4,0,3,0
jgoslin-integration-tests/jgoslin-parsers,de.isas.lipidomics.palinom,GoslinParser.Adduct_separatorContext,24,0,2,0,6,0,5,0,4,0
jgoslin-integration-tests/jgoslin-parsers,de.isas.lipidomics.palinom,GoslinParser.Db_positionContext,41,0,2,0,9,0,8,0,7,0
jgoslin-integration-tests/jgoslin-parsers,de.isas.lipidomics.palinom,HMDBParser.Fa_lcb_suffix_typeContext,19,0,2,0,5,0,4,0,3,0
jgoslin-integration-tests/jgoslin-parsers,de.isas.lipidomics.palinom,SwissLipidsParser.Fa_hgContext,14,5,2,0,3,2,3,1,2,1
jgoslin-integration-tests/jgoslin-parsers,de.isas.lipidomics.palinom,GoslinFragmentsParser.Db_position_separatorContext,24,0,2,0,6,0,5,0,4,0
jgoslin-integration-tests/jgoslin-parsers,de.isas.lipidomics.palinom,GoslinFragmentsParser.Hg_dlclcContext,31,0,2,0,7,0,6,0,5,0
jgoslin-integration-tests/jgoslin-parsers,de.isas.lipidomics.palinom,SwissLipidsParser.Med_suffixContext,19,0,2,0,5,0,4,0,3,0
jgoslin-integration-tests/jgoslin-parsers,de.isas.lipidomics.palinom,HMDBParser.Fa_lcb_prefixContext,31,0,2,0,7,0,6,0,5,0
jgoslin-integration-tests/jgoslin-parsers,de.isas.lipidomics.palinom,LipidMapsParser.ChcContext,20,11,2,0,4,3,4,2,3,2
jgoslin-integration-tests/jgoslin-parsers,de.isas.lipidomics.palinom,GoslinFragmentsParser.AdductContext,31,0,2,0,7,0,6,0,5,0
jgoslin-integration-tests/jgoslin-parsers,de.isas.lipidomics.palinom,LipidMapsParser.Hg_fourplcContext,31,0,2,0,7,0,6,0,5,0
jgoslin-integration-tests/jgoslin-parsers,de.isas.lipidomics.palinom,LipidMapsParser.Mediator_var_namesContext,36,0,2,0,8,0,7,0,6,0
jgoslin-integration-tests/jgoslin-parsers,de.isas.lipidomics.palinom,LipidMapsParser.Pk_faContext,26,11,2,0,5,3,5,2,4,2
jgoslin-integration-tests/jgoslin-parsers,de.isas.lipidomics.palinom,GoslinParser.Unsorted_fa_separatorContext,29,0,2,0,7,0,6,0,5,0
jgoslin-integration-tests/jgoslin-parsers,de.isas.lipidomics.palinom,GoslinFragmentsParser.Sac_di_subspeciesContext,25,0,2,0,6,0,5,0,4,0
jgoslin-integration-tests/jgoslin-parsers,de.isas.lipidomics.palinom,HMDBParser.Pl_fourContext,20,17,2,0,4,4,4,3,3,3
jgoslin-integration-tests/jgoslin-parsers,de.isas.lipidomics.palinom,HMDBParser.Fa2_sortedContext,26,9,2,0,5,3,5,2,4,2
jgoslin-integration-tests/jgoslin-parsers,de.isas.lipidomics.palinom,GoslinFragmentsParser.Hg_lplContext,25,0,2,0,6,0,5,0,4,0
jgoslin-integration-tests/jgoslin-parsers,de.isas.lipidomics.palinom,GoslinFragmentsParser.GlContext,49,0,2,0,10,0,9,0,8,0
jgoslin-integration-tests/jgoslin-parsers,de.isas.lipidomics.palinom,SwissLipidsParser.Pl_faContext,24,17,2,0,5,4,5,3,4,3
jgoslin-integration-tests/jgoslin-parsers,de.isas.lipidomics.palinom,HMDBParser.Furan_fa_monoContext,39,0,2,0,9,0,8,0,7,0
jgoslin-integration-tests/jgoslin-parsers,de.isas.lipidomics.palinom,GoslinParser.Pl_oContext,14,17,2,0,3,4,3,3,2,3
jgoslin-integration-tests/jgoslin-parsers,de.isas.lipidomics.palinom,GoslinParser.Hg_lplcContext,26,5,2,0,5,2,5,1,4,1
jgoslin-integration-tests/jgoslin-parsers,de.isas.lipidomics.palinom,LipidMapsParser.Hg_threeplcContext,20,11,2,0,4,3,4,2,3,2
jgoslin-integration-tests/jgoslin-parsers,de.isas.lipidomics.palinom,HMDBParser.StContext,20,17,2,0,4,4,4,3,3,3
jgoslin-integration-tests/jgoslin-parsers,de.isas.lipidomics.palinom,GoslinParser.Carbon_db_separatorContext,19,5,2,0,4,2,4,1,3,1
jgoslin-integration-tests/jgoslin-parsers,de.isas.lipidomics.palinom,HMDBParser.Pl_three_hgContext,19,0,2,0,5,0,4,0,3,0
jgoslin-integration-tests/jgoslin-parsers,de.isas.lipidomics.palinom,LipidMapsParser.Special_cer_prefixContext,20,5,2,0,4,2,4,1,3,1
jgoslin-integration-tests/jgoslin-parsers,de.isas.lipidomics.palinom,LipidMapsParser.Lipid_monoContext,14,17,2,0,3,4,3,3,2,3
jgoslin-integration-tests/jgoslin-parsers,de.isas.lipidomics.palinom,LipidMapsParser.Lipid_pureContext,14,47,2,0,3,9,3,8,2,8
jgoslin-integration-tests/jgoslin-parsers,de.isas.lipidomics.palinom,GoslinFragmentsParser.Hg_pl_oContext,19,0,2,0,5,0,4,0,3,0
jgoslin-integration-tests/jgoslin-parsers,de.isas.lipidomics.palinom,GoslinParser.TplContext,43,0,2,0,9,0,8,0,7,0
jgoslin-integration-tests/jgoslin-parsers,de.isas.lipidomics.palinom,GoslinParser.NumberContext,20,5,2,0,4,2,4,1,3,1
jgoslin-integration-tests/jgoslin-parsers,de.isas.lipidomics.palinom,LipidMapsParser.Dsl_speciesContext,26,11,2,0,5,3,5,2,4,2
jgoslin-integration-tests/jgoslin-parsers,de.isas.lipidomics.palinom,LipidMapsParser.Dpl_speciesContext,26,11,2,0,5,3,5,2,4,2
jgoslin-integration-tests/jgoslin-parsers,de.isas.lipidomics.palinom,HMDBParser.Fa3Context,14,17,2,0,3,4,3,3,2,3
jgoslin-integration-tests/jgoslin-parsers,de.isas.lipidomics.palinom,GoslinParser.DglContext,20,23,2,0,4,5,4,4,3,4
jgoslin-integration-tests/jgoslin-parsers,de.isas.lipidomics.palinom,GoslinParser.Hg_sac_diContext,19,0,2,0,5,0,4,0,3,0
jgoslin-integration-tests/jgoslin-parsers,de.isas.lipidomics.palinom,SwissLipidsParser.MediatorContext,37,0,2,0,8,0,7,0,6,0
jgoslin-integration-tests/jgoslin-parsers,de.isas.lipidomics.palinom,SumFormulaParser.MoleculeContext,11,19,1,1,3,4,3,3,2,3
jgoslin-integration-tests/jgoslin-parsers,de.isas.lipidomics.palinom,GoslinParser.Db_hydroxyl_separatorContext,19,5,2,0,4,2,4,1,3,1
jgoslin-integration-tests/jgoslin-parsers,de.isas.lipidomics.palinom,GoslinFragmentsParser.Hg_clContext,19,0,2,0,5,0,4,0,3,0
jgoslin-integration-tests/jgoslin-parsers,de.isas.lipidomics.palinom,LipidMapsParser.Mod_textContext,36,5,2,0,7,2,7,1,6,1
jgoslin-integration-tests/jgoslin-parsers,de.isas.lipidomics.palinom,GoslinParser.Hg_sac_f_cContext,31,0,2,0,7,0,6,0,5,0
jgoslin-integration-tests/jgoslin-parsers,de.isas.lipidomics.palinom,GoslinParser.Sac_di_subspeciesContext,25,0,2,0,6,0,5,0,4,0
jgoslin-integration-tests/jgoslin-parsers,de.isas.lipidomics.palinom,SwissLipidsParser.Fa_coreContext,20,23,2,0,4,5,4,4,3,4
jgoslin-integration-tests/jgoslin-parsers,de.isas.lipidomics.palinom,LipidMapsParser.DslContext,14,23,2,0,3,5,3,4,2,4
jgoslin-integration-tests/jgoslin-parsers,de.isas.lipidomics.palinom,GoslinParser.Sac_diContext,43,0,2,0,9,0,8,0,7,0
jgoslin-integration-tests/jgoslin-parsers,de.isas.lipidomics.palinom,GoslinFragmentsParser.DigitContext,29,0,2,0,7,0,6,0,5,0
jgoslin-integration-tests/jgoslin-parsers,de.isas.lipidomics.palinom,LipidMapsParser.FaContext,20,17,2,0,4,4,4,3,3,3
jgoslin-integration-tests/jgoslin-parsers,de.isas.lipidomics.palinom,HMDBParser.Sl_hg_prefixContext,44,0,2,0,10,0,9,0,8,0
jgoslin-integration-tests/jgoslin-parsers,de.isas.lipidomics.palinom,GoslinFragmentsParser.Hg_dlclContext,19,0,2,0,5,0,4,0,3,0
jgoslin-integration-tests/jgoslin-parsers,de.isas.lipidomics.palinom,LipidMapsParser.PlContext,20,29,2,0,4,6,4,5,3,5
jgoslin-integration-tests/jgoslin-parsers,de.isas.lipidomics.palinom,GoslinParser.Hg_pip_dContext,14,5,2,0,3,2,3,1,2,1
jgoslin-integration-tests/jgoslin-parsers,de.isas.lipidomics.palinom,GoslinParser.Fa4Context,14,17,2,0,3,4,3,3,2,3
jgoslin-integration-tests/jgoslin-parsers,de.isas.lipidomics.palinom,LipidMapsParser.Isoform_innerContext,20,5,2,0,4,2,4,1,3,1
jgoslin-integration-tests/jgoslin-parsers,de.isas.lipidomics.palinom,SwissLipidsParser.Gl_mono_hgContext,14,5,2,0,3,2,3,1,2,1
jgoslin-integration-tests/jgoslin-parsers,de.isas.lipidomics.palinom,SwissLipidsParser.Fatty_acidContext,26,17,2,0,5,4,5,3,4,3
jgoslin-integration-tests/jgoslin-parsers,de.isas.lipidomics.palinom,GoslinFragmentsParser.EtherContext,19,0,2,0,5,0,4,0,3,0
jgoslin-integration-tests/jgoslin-parsers,de.isas.lipidomics.palinom,GoslinFragmentsParser.Hg_mgl_fullContext,31,0,2,0,7,0,6,0,5,0
jgoslin-integration-tests/jgoslin-parsers,de.isas.lipidomics.palinom,SwissLipidsParser.Fa_lcb_suffix_coreContext,32,5,2,0,6,2,6,1,5,1
jgoslin-integration-tests/jgoslin-parsers,de.isas.lipidomics.palinom,LipidMapsParser.LslContext,26,17,2,0,5,4,5,3,4,3
jgoslin-integration-tests/jgoslin-parsers,de.isas.lipidomics.palinom,SwissLipidsParser.LcbContext,26,11,2,0,5,3,5,2,4,2
jgoslin-integration-tests/jgoslin-parsers,de.isas.lipidomics.palinom,GoslinFragmentsParser.LcbContext,31,0,2,0,7,0,6,0,5,0
jgoslin-integration-tests/jgoslin-parsers,de.isas.lipidomics.palinom,SumFormulaBaseVisitor,32,3,0,0,8,1,8,1,8,1
jgoslin-integration-tests/jgoslin-parsers,de.isas.lipidomics.palinom,GoslinParser.Hg_mlclContext,14,5,2,0,3,2,3,1,2,1
jgoslin-integration-tests/jgoslin-parsers,de.isas.lipidomics.palinom,LipidMapsParser.Fa4_unsortedContext,47,0,2,0,11,0,10,0,9,0
jgoslin-integration-tests/jgoslin-parsers,de.isas.lipidomics.palinom,GoslinParser.Arbitrary_adductContext,29,0,2,0,7,0,6,0,5,0
jgoslin-integration-tests/jgoslin-parsers,de.isas.lipidomics.palinom,GoslinFragmentsParser.Hg_dglContext,19,0,2,0,5,0,4,0,3,0
jgoslin-integration-tests/jgoslin-parsers,de.isas.lipidomics.palinom,HMDBParser.LipidContext,11,19,1,1,3,4,3,3,2,3
jgoslin-integration-tests/jgoslin-parsers,de.isas.lipidomics.palinom,SwissLipidsParser.Sl_hg_prefixContext,39,5,2,0,8,2,8,1,7,1
jgoslin-integration-tests/jgoslin-parsers,de.isas.lipidomics.palinom,GoslinFragmentsParser.Hg_tplContext,19,0,2,0,5,0,4,0,3,0
jgoslin-integration-tests/jgoslin-parsers,de.isas.lipidomics.palinom,HMDBParser.Pl_four_faContext,24,23,2,0,5,5,5,4,4,4
jgoslin-integration-tests/jgoslin-parsers,de.isas.lipidomics.palinom,SwissLipidsParser.Pl_threeContext,37,0,2,0,8,0,7,0,6,0
jgoslin-integration-tests/jgoslin-parsers,de.isas.lipidomics.palinom,GoslinFragmentsParser.Old_hydroxylContext,19,0,2,0,5,0,4,0,3,0
jgoslin-integration-tests/jgoslin-parsers,de.isas.lipidomics.palinom,HMDBParser,5432,6099,319,139,1538,986,326,125,55,69
jgoslin-integration-tests/jgoslin-parsers,de.isas.lipidomics.palinom,GoslinFragmentsParser.FaContext,37,0,2,0,8,0,7,0,6,0
jgoslin-integration-tests/jgoslin-parsers,de.isas.lipidomics.palinom,GoslinParser.Hg_pimContext,25,0,2,0,6,0,5,0,4,0
jgoslin-integration-tests/jgoslin-parsers,de.isas.lipidomics.palinom,HMDBParser.PlContext,14,23,2,0,3,5,3,4,2,4
jgoslin-integration-tests/jgoslin-parsers,de.isas.lipidomics.palinom,GoslinParser.Dpl_oContext,20,23,2,0,4,5,4,4,3,4
jgoslin-integration-tests/jgoslin-parsers,de.isas.lipidomics.palinom,GoslinParser.StesContext,37,0,2,0,8,0,7,0,6,0
jgoslin-integration-tests/jgoslin-parsers,de.isas.lipidomics.palinom,GoslinParser.DigitContext,24,5,2,0,5,2,5,1,4,1
jgoslin-integration-tests/jgoslin-parsers,de.isas.lipidomics.palinom,GoslinParser.Cl_subspeciesContext,14,11,2,0,3,3,3,2,2,2
jgoslin-integration-tests/jgoslin-parsers,de.isas.lipidomics.palinom,GoslinFragmentsParser.Hg_tgl_fullContext,31,0,2,0,7,0,6,0,5,0
jgoslin-integration-tests/jgoslin-parsers,de.isas.lipidomics.palinom,LipidMapsParser.Square_close_bracketContext,19,5,2,0,4,2,4,1,3,1
jgoslin-integration-tests/jgoslin-parsers,de.isas.lipidomics.palinom,SwissLipidsParser.Db_countContext,20,5,2,0,4,2,4,1,3,1
jgoslin-integration-tests/jgoslin-parsers,de.isas.lipidomics.palinom,GoslinParser.Hg_clContext,14,5,2,0,3,2,3,1,2,1
jgoslin-integration-tests/jgoslin-parsers,de.isas.lipidomics.palinom,LipidMapsParser.PkContext,14,17,2,0,3,4,3,3,2,3
jgoslin-integration-tests/jgoslin-parsers,de.isas.lipidomics.palinom,SwissLipidsParser.St_sub2_hgContext,34,5,2,0,7,2,7,1,6,1
jgoslin-integration-tests/jgoslin-parsers,de.isas.lipidomics.palinom,GoslinFragmentsParser.Adduct_separatorContext,24,0,2,0,6,0,5,0,4,0
jgoslin-integration-tests/jgoslin-parsers,de.isas.lipidomics.palinom,GoslinFragmentsParser.Sac_diContext,43,0,2,0,9,0,8,0,7,0
jgoslin-integration-tests/jgoslin-parsers,de.isas.lipidomics.palinom,SwissLipidsParser.HydroxylContext,14,5,2,0,3,2,3,1,2,1
jgoslin-integration-tests/jgoslin-parsers,de.isas.lipidomics.palinom,HMDBParser.St_species_hgContext,19,0,2,0,5,0,4,0,3,0
jgoslin-integration-tests/jgoslin-parsers,de.isas.lipidomics.palinom,HMDBParser.Sl_lcbContext,14,17,2,0,3,4,3,3,2,3
jgoslin-integration-tests/jgoslin-parsers,de.isas.lipidomics.palinom,HMDBParser.Gl_monoContext,37,0,2,0,8,0,7,0,6,0
jgoslin-integration-tests/jgoslin-parsers,de.isas.lipidomics.palinom,GoslinFragmentsParser.Hg_mlclContext,19,0,2,0,5,0,4,0,3,0
jgoslin-integration-tests/jgoslin-parsers,de.isas.lipidomics.palinom,GoslinParser.EtherContext,14,5,2,0,3,2,3,1,2,1
jgoslin-integration-tests/jgoslin-parsers,de.isas.lipidomics.palinom,GoslinParser.Sl_subspeciesContext,14,23,2,0,3,5,3,4,2,4
jgoslin-integration-tests/jgoslin-parsers,de.isas.lipidomics.palinom,LipidMapsParser.TglContext,14,23,2,0,3,5,3,4,2,4
jgoslin-integration-tests/jgoslin-parsers,de.isas.lipidomics.palinom,LipidMapsParser.Lcb_fa_unmodContext,20,17,2,0,4,4,4,3,3,3
jgoslin-integration-tests/jgoslin-parsers,de.isas.lipidomics.palinom,LipidMapsParser.Pure_faContext,14,23,2,0,3,5,3,4,2,4
jgoslin-integration-tests/jgoslin-parsers,de.isas.lipidomics.palinom,LipidMapsParser.Fa_unmodContext,26,17,2,0,5,4,5,3,4,3
jgoslin-integration-tests/jgoslin-parsers,de.isas.lipidomics.palinom,GoslinParser.StcContext,20,11,2,0,4,3,4,2,3,2
jgoslin-integration-tests/jgoslin-parsers,de.isas.lipidomics.palinom,GoslinParser,6601,7118,317,149,1790,1182,319,146,73,92
jgoslin-integration-tests/jgoslin-parsers,de.isas.lipidomics.palinom,LipidMapsParser.Dsl_subspeciesContext,26,11,2,0,5,3,5,2,4,2
jgoslin-integration-tests/jgoslin-parsers,de.isas.lipidomics.palinom,HMDBParser.Fa2_unsortedContext,35,0,2,0,8,0,7,0,6,0
jgoslin-integration-tests/jgoslin-parsers,de.isas.lipidomics.palinom,SwissLipidsParser.CarbonContext,20,5,2,0,4,2,4,1,3,1
jgoslin-integration-tests/jgoslin-parsers,de.isas.lipidomics.palinom,SwissLipidsParser.Fa_lcb_prefixContext,31,0,2,0,7,0,6,0,5,0
jgoslin-integration-tests/jgoslin-parsers,de.isas.lipidomics.palinom,GoslinBaseVisitor,588,3,0,0,147,1,147,1,147,1
jgoslin-integration-tests/jgoslin-parsers,de.isas.lipidomics.palinom,SyntaxErrorListener,68,101,14,2,1,18,12,5,5,4
jgoslin-integration-tests/jgoslin-parsers,de.isas.lipidomics.palinom,GoslinFragmentsParser.Hg_pim_numberContext,25,0,2,0,6,0,5,0,4,0
jgoslin-integration-tests/jgoslin-parsers,de.isas.lipidomics.palinom,GoslinFragmentsParser.Cl_subspeciesContext,25,0,2,0,6,0,5,0,4,0
jgoslin-integration-tests/jgoslin-parsers,de.isas.lipidomics.palinom,LipidMapsParser.Mediator_separatorContext,24,0,2,0,6,0,5,0,4,0
jgoslin-integration-tests/jgoslin-parsers,de.isas.lipidomics.palinom,LipidMapsParser.Pip_positionContext,32,5,2,0,6,2,6,1,5,1
jgoslin-integration-tests/jgoslin-parsers,de.isas.lipidomics.palinom,SwissLipidsParser.DigitContext,24,5,2,0,5,2,5,1,4,1
jgoslin-integration-tests/jgoslin-parsers,de.isas.lipidomics.palinom,LipidMapsParser.Mediator_number_pureContext,37,0,2,0,8,0,7,0,6,0
jgoslin-integration-tests/jgoslin-parsers,de.isas.lipidomics.palinom,GoslinParser.Hg_dgl_fullContext,26,5,2,0,5,2,5,1,4,1
jgoslin-integration-tests/jgoslin-parsers,de.isas.lipidomics.palinom,GoslinFragmentsParser.LslContext,37,0,2,0,8,0,7,0,6,0
jgoslin-integration-tests/jgoslin-parsers,de.isas.lipidomics.palinom,GoslinParser.FaContext,14,23,2,0,3,5,3,4,2,4
jgoslin-integration-tests/jgoslin-parsers,de.isas.lipidomics.palinom,SwissLipidsParser.EtherContext,14,5,2,0,3,2,3,1,2,1
jgoslin-integration-tests/jgoslin-parsers,de.isas.lipidomics.palinom,GoslinFragmentsParser.Heavy_lcbContext,25,0,2,0,6,0,5,0,4,0
jgoslin-integration-tests/jgoslin-parsers,de.isas.lipidomics.palinom,GoslinFragmentsParser.Hg_sgl_fullContext,31,0,2,0,7,0,6,0,5,0
jgoslin-integration-tests/jgoslin-parsers,de.isas.lipidomics.palinom,LipidMapsParser.LcbContext,14,17,2,0,3,4,3,3,2,3
jgoslin-integration-tests/jgoslin-parsers,de.isas.lipidomics.palinom,SwissLipidsParser.DbContext,14,17,2,0,3,4,3,3,2,3
jgoslin-integration-tests/jgoslin-parsers,de.isas.lipidomics.palinom,SwissLipidsParser.Fa3_sortedContext,30,9,2,0,6,3,6,2,5,2
jgoslin-integration-tests/jgoslin-parsers,de.isas.lipidomics.palinom,LipidMapsParser.Mediator_posContext,19,0,2,0,5,0,4,0,3,0
jgoslin-integration-tests/jgoslin-parsers,de.isas.lipidomics.palinom,SwissLipidsParser.St_sub1_hgContext,14,5,2,0,3,2,3,1,2,1
jgoslin-integration-tests/jgoslin-parsers,de.isas.lipidomics.palinom,HMDBParser.Fa4Context,14,17,2,0,3,4,3,3,2,3
jgoslin-integration-tests/jgoslin-parsers,de.isas.lipidomics.palinom,GoslinFragmentsParser.Sac_speciesContext,25,0,2,0,6,0,5,0,4,0
jgoslin-integration-tests/jgoslin-parsers,de.isas.lipidomics.palinom,GoslinFragmentsParser.Lpl_oContext,37,0,2,0,8,0,7,0,6,0
jgoslin-integration-tests/jgoslin-parsers,de.isas.lipidomics.palinom,SwissLipidsParser.Fa2_unsortedContext,26,9,2,0,5,3,5,2,4,2
jgoslin-integration-tests/jgoslin-parsers,de.isas.lipidomics.palinom,GoslinParser.Db_single_positionContext,31,0,2,0,7,0,6,0,5,0
jgoslin-integration-tests/jgoslin-parsers,de.isas.lipidomics.palinom,GoslinFragmentsParser.Hg_clcContext,31,0,2,0,7,0,6,0,5,0
jgoslin-integration-tests/jgoslin-parsers,de.isas.lipidomics.palinom,LipidMapsParser.HydroxylContext,25,0,2,0,6,0,5,0,4,0
jgoslin-integration-tests/jgoslin-parsers,de.isas.lipidomics.palinom,HMDBParser.Gl_molecularContext,37,0,2,0,8,0,7,0,6,0
jgoslin-integration-tests/jgoslin-parsers,de.isas.lipidomics.palinom,LipidMapsParser.Db_hydroxyl_separatorContext,24,0,2,0,6,0,5,0,4,0
jgoslin-integration-tests/jgoslin-parsers,de.isas.lipidomics.palinom,HMDBParser.Med_position_separatorContext,19,5,2,0,4,2,4,1,3,1
jgoslin-integration-tests/jgoslin-parsers,de.isas.lipidomics.palinom,GoslinParser.Heavy_faContext,25,0,2,0,6,0,5,0,4,0
jgoslin-integration-tests/jgoslin-parsers,de.isas.lipidomics.palinom,GoslinParser.LplContext,20,17,2,0,4,4,4,3,3,3
jgoslin-integration-tests/jgoslin-parsers,de.isas.lipidomics.palinom,GoslinParser.Hg_pl_oContext,14,5,2,0,3,2,3,1,2,1
jgoslin-integration-tests/jgoslin-parsers,de.isas.lipidomics.palinom,GoslinFragmentsParser.IsotopeContext,37,0,2,0,8,0,7,0,6,0
jgoslin-integration-tests/jgoslin-parsers,de.isas.lipidomics.palinom,GoslinFragmentsParser.SteContext,37,0,2,0,8,0,7,0,6,0
jgoslin-integration-tests/jgoslin-parsers,de.isas.lipidomics.palinom,LipidMapsParser.Lipid_ruleContext,14,17,2,0,3,4,3,3,2,3
jgoslin-integration-tests/jgoslin-parsers,de.isas.lipidomics.palinom,GoslinParser.MglContext,20,17,2,0,4,4,4,3,3,3
jgoslin-integration-tests/jgoslin-parsers,de.isas.lipidomics.palinom,SwissLipidsParser.Fa4_sortedContext,30,9,2,0,6,3,6,2,5,2
jgoslin-integration-tests/jgoslin-parsers,de.isas.lipidomics.palinom,HMDBParser.Lipid_classContext,14,35,2,0,3,7,3,6,2,6
jgoslin-integration-tests/jgoslin-parsers,de.isas.lipidomics.palinom,GoslinFragmentsParser.SqmlContext,37,0,2,0,8,0,7,0,6,0
jgoslin-integration-tests/jgoslin-parsers,de.isas.lipidomics.palinom,SyntaxError,190,36,40,0,1,6,24,6,4,6
jgoslin-integration-tests/jgoslin-parsers,de.isas.lipidomics.palinom,GoslinParser.Fa2_unsortedContext,30,9,2,0,6,3,6,2,5,2
jgoslin-integration-tests/jgoslin-parsers,de.isas.lipidomics.palinom,GoslinParser.Db_position_numberContext,25,0,2,0,6,0,5,0,4,0
jgoslin-integration-tests/jgoslin-parsers,de.isas.lipidomics.palinom,LipidMapsParser.Db_countContext,20,5,2,0,4,2,4,1,3,1
jgoslin-integration-tests/jgoslin-parsers,de.isas.lipidomics.palinom,GoslinFragmentsParser.Hg_dslcContext,31,0,2,0,7,0,6,0,5,0
jgoslin-integration-tests/jgoslin-parsers,de.isas.lipidomics.palinom,GoslinFragmentsBaseVisitor,607,0,0,0,152,0,152,0,152,0
jgoslin-integration-tests/jgoslin-parsers,de.isas.lipidomics.palinom.goslin,StructuralSubspeciesLcbHandler,5,185,5,15,1,38,5,10,0,5
jgoslin-integration-tests/jgoslin-parsers,de.isas.lipidomics.palinom.goslin,GoslinVisitorImpl,0,52,0,0,0,11,0,5,0,5
jgoslin-integration-tests/jgoslin-parsers,de.isas.lipidomics.palinom.goslin,GoslinVisitorImpl.LipidVisitor,29,147,5,14,5,32,5,8,0,1
jgoslin-integration-tests/jgoslin-parsers,de.isas.lipidomics.palinom.goslin,GlycerophosphoLipidHandler,255,252,40,28,43,46,31,13,2,8
jgoslin-integration-tests/jgoslin-parsers,de.isas.lipidomics.palinom.goslin,GoslinVisitorImpl.AdductVisitor,3,41,1,2,1,10,1,2,0,1
jgoslin-integration-tests/jgoslin-parsers,de.isas.lipidomics.palinom.goslin,MolecularSubspeciesFasHandler,17,115,5,7,3,21,5,4,0,3
jgoslin-integration-tests/jgoslin-parsers,de.isas.lipidomics.palinom.goslin,IsomericSubspeciesLcbHandler,112,77,13,5,22,16,11,2,2,2
jgoslin-integration-tests/jgoslin-parsers,de.isas.lipidomics.palinom.goslin,FattyAcylHelper,91,28,9,5,22,8,10,4,5,2
jgoslin-integration-tests/jgoslin-parsers,de.isas.lipidomics.palinom.goslin,FattyAcylHandler,340,8,53,0,64,2,35,1,8,1
jgoslin-integration-tests/jgoslin-parsers,de.isas.lipidomics.palinom.goslin,StructuralSubspeciesFasHandler,10,174,6,14,2,34,6,8,0,4
jgoslin-integration-tests/jgoslin-parsers,de.isas.lipidomics.palinom.goslin,GlyceroLipidHandler,88,188,14,20,15,37,14,11,0,8
jgoslin-integration-tests/jgoslin-parsers,de.isas.lipidomics.palinom.goslin,SterolLipidHandler,55,80,6,4,8,13,5,5,1,4
jgoslin-integration-tests/jgoslin-parsers,de.isas.lipidomics.palinom.goslin,IsomericSubspeciesFasHandler,96,73,9,3,18,14,8,2,2,2
jgoslin-integration-tests/jgoslin-parsers,de.isas.lipidomics.palinom.goslin,SphingoLipidHandler,28,87,5,7,5,17,5,6,0,5
jgoslin-integration-tests/jgoslin-parsers,de.isas.lipidomics.palinom.goslin,GoslinVisitorParser,21,54,1,1,3,13,1,4,0,4
jgoslin-integration-tests/jgoslin-parsers,de.isas.lipidomics.palinom.hmdb,SterolLipidHandler,177,88,21,5,23,15,14,5,2,4
jgoslin-integration-tests/jgoslin-parsers,de.isas.lipidomics.palinom.hmdb,HmdbVisitorImpl,0,30,0,0,0,6,0,3,0,3
jgoslin-integration-tests/jgoslin-parsers,de.isas.lipidomics.palinom.hmdb,GlyceroLipidHandler,259,98,37,9,41,19,24,5,2,4
jgoslin-integration-tests/jgoslin-parsers,de.isas.lipidomics.palinom.hmdb,MolecularSubspeciesFasHandler,132,6,16,0,22,3,10,1,2,1
jgoslin-integration-tests/jgoslin-parsers,de.isas.lipidomics.palinom.hmdb,IsomericSubspeciesLcbHandler,21,215,6,14,3,49,6,8,0,4
jgoslin-integration-tests/jgoslin-parsers,de.isas.lipidomics.palinom.hmdb,StructuralSubspeciesFasHandler,51,130,10,10,10,25,8,6,1,3
jgoslin-integration-tests/jgoslin-parsers,de.isas.lipidomics.palinom.hmdb,HmdbVisitorImpl.LipidVisitor,30,173,4,17,5,36,4,10,0,1
jgoslin-integration-tests/jgoslin-parsers,de.isas.lipidomics.palinom.hmdb,GlycerophosphoLipidHandler,268,171,38,20,40,32,28,7,1,5
jgoslin-integration-tests/jgoslin-parsers,de.isas.lipidomics.palinom.hmdb,HmdbVisitorParser,21,54,1,1,3,13,1,4,0,4
jgoslin-integration-tests/jgoslin-parsers,de.isas.lipidomics.palinom.hmdb,FattyAcylHandler,156,310,32,30,33,65,25,15,1,8
jgoslin-integration-tests/jgoslin-parsers,de.isas.lipidomics.palinom.hmdb,StructuralSubspeciesLcbHandler,179,12,14,0,33,5,11,1,4,1
jgoslin-integration-tests/jgoslin-parsers,de.isas.lipidomics.palinom.hmdb,FattyAcylHelper,53,137,11,17,8,35,9,13,0,7
jgoslin-integration-tests/jgoslin-parsers,de.isas.lipidomics.palinom.hmdb,IsomericSubspeciesFasHandler,26,199,10,16,5,43,7,10,0,4
jgoslin-integration-tests/jgoslin-parsers,de.isas.lipidomics.palinom.hmdb,SphingoLipidHandler,18,86,5,7,3,16,5,5,0,4
jgoslin-integration-tests/jgoslin-parsers,de.isas.lipidomics.generator,LipidClassGenerator,873,0,8,0,130,0,11,0,7,0
jgoslin-integration-tests/jgoslin-parsers,de.isas.lipidomics.generator,LipidClassGenerator.LipidClassEntry,299,0,60,0,8,0,41,0,11,0
jgoslin-integration-tests/jgoslin-parsers,de.isas.lipidomics.palinom.goslinfragments,GoslinFragmentsVisitorParser,75,0,2,0,16,0,5,0,4,0
jgoslin-integration-tests/jgoslin-parsers,de.isas.lipidomics.palinom.goslinfragments,SphingoLipidHandler,115,0,12,0,22,0,11,0,5,0
jgoslin-integration-tests/jgoslin-parsers,de.isas.lipidomics.palinom.goslinfragments,SterolLipidHandler,135,0,10,0,21,0,10,0,5,0
jgoslin-integration-tests/jgoslin-parsers,de.isas.lipidomics.palinom.goslinfragments,GlyceroLipidHandler,276,0,34,0,52,0,25,0,8,0
jgoslin-integration-tests/jgoslin-parsers,de.isas.lipidomics.palinom.goslinfragments,GlycerophosphoLipidHandler,371,0,48,0,65,0,32,0,8,0
jgoslin-integration-tests/jgoslin-parsers,de.isas.lipidomics.palinom.goslinfragments,GoslinFragmentsVisitorImpl.AdductVisitor,44,0,3,0,11,0,3,0,1,0
jgoslin-integration-tests/jgoslin-parsers,de.isas.lipidomics.palinom.goslinfragments,StructuralSubspeciesLcbHandler,188,0,20,0,39,0,15,0,5,0
jgoslin-integration-tests/jgoslin-parsers,de.isas.lipidomics.palinom.goslinfragments,IsomericSubspeciesFasHandler,168,0,12,0,32,0,10,0,4,0
jgoslin-integration-tests/jgoslin-parsers,de.isas.lipidomics.palinom.goslinfragments,GoslinFragmentsVisitorImpl.LipidVisitor,176,0,19,0,37,0,13,0,1,0
jgoslin-integration-tests/jgoslin-parsers,de.isas.lipidomics.palinom.goslinfragments,IsomericSubspeciesLcbHandler,190,0,18,0,38,0,13,0,4,0
jgoslin-integration-tests/jgoslin-parsers,de.isas.lipidomics.palinom.goslinfragments,GoslinFragmentsVisitorImpl,67,0,0,0,14,0,6,0,6,0
jgoslin-integration-tests/jgoslin-parsers,de.isas.lipidomics.palinom.goslinfragments,FattyAcylHelper,119,0,14,0,30,0,14,0,7,0
jgoslin-integration-tests/jgoslin-parsers,de.isas.lipidomics.palinom.goslinfragments,FattyAcylHandler,348,0,53,0,66,0,36,0,9,0
jgoslin-integration-tests/jgoslin-parsers,de.isas.lipidomics.palinom.goslinfragments,MolecularSubspeciesFasHandler,132,0,12,0,24,0,9,0,3,0
jgoslin-integration-tests/jgoslin-parsers,de.isas.lipidomics.palinom.goslinfragments,StructuralSubspeciesFasHandler,184,0,20,0,36,0,14,0,4,0
jgoslin-integration-tests/jgoslin-parsers,de.isas.lipidomics.palinom.swisslipids,StructuralSubspeciesFasHandler,50,123,9,9,10,23,8,5,1,3
jgoslin-integration-tests/jgoslin-parsers,de.isas.lipidomics.palinom.swisslipids,IsomericSubspeciesLcbHandler,5,230,5,15,1,51,5,9,0,4
jgoslin-integration-tests/jgoslin-parsers,de.isas.lipidomics.palinom.swisslipids,GlyceroLipidHandler,105,245,18,28,18,42,15,14,0,6
jgoslin-integration-tests/jgoslin-parsers,de.isas.lipidomics.palinom.swisslipids,SterolLipidHandler,80,160,10,12,9,26,9,8,0,6
jgoslin-integration-tests/jgoslin-parsers,de.isas.lipidomics.palinom.swisslipids,MolecularSubspeciesFasHandler,27,103,8,6,4,19,6,4,0,3
jgoslin-integration-tests/jgoslin-parsers,de.isas.lipidomics.palinom.swisslipids,IsomericSubspeciesFasHandler,18,198,8,16,3,43,6,10,0,4
jgoslin-integration-tests/jgoslin-parsers,de.isas.lipidomics.palinom.swisslipids,SphingoLipidHandler,10,92,4,8,2,17,4,6,0,4
jgoslin-integration-tests/jgoslin-parsers,de.isas.lipidomics.palinom.swisslipids,SwissLipidsVisitorParser,21,54,1,1,3,13,1,4,0,4
jgoslin-integration-tests/jgoslin-parsers,de.isas.lipidomics.palinom.swisslipids,SwissLipidsVisitorImpl,0,30,0,0,0,6,0,3,0,3
jgoslin-integration-tests/jgoslin-parsers,de.isas.lipidomics.palinom.swisslipids,SwissLipidsVisitorImpl.LipidVisitor,20,162,3,16,3,34,3,10,0,1
jgoslin-integration-tests/jgoslin-parsers,de.isas.lipidomics.palinom.swisslipids,FattyAcylHelper,37,186,9,21,9,48,9,16,0,8
jgoslin-integration-tests/jgoslin-parsers,de.isas.lipidomics.palinom.swisslipids,FattyAcylHandler,220,310,39,29,37,62,32,12,1,8
jgoslin-integration-tests/jgoslin-parsers,de.isas.lipidomics.palinom.swisslipids,GlycerophosphoLipidHandler,213,219,32,26,34,38,23,12,1,5
jgoslin-integration-tests/jgoslin-parsers,de.isas.lipidomics.palinom.swisslipids,StructuralSubspeciesLcbHandler,31,192,7,15,5,43,8,9,1,4
jgoslin-integration-tests/jgoslin-parsers,de.isas.lipidomics.palinom.exceptions,ConstraintViolationException,9,0,0,0,4,0,2,0,2,0
jgoslin-integration-tests/jgoslin-parsers,de.isas.lipidomics.palinom.exceptions,ParsingException,5,4,0,0,2,2,1,1,1,1
jgoslin-integration-tests/jgoslin-parsers,de.isas.lipidomics.palinom.exceptions,ParseTreeVisitorException,9,0,0,0,4,0,2,0,2,0
jgoslin-integration-tests/jgoslin-parsers,de.isas.lipidomics.domain,LipidIsomericSubspecies,132,93,14,3,19,25,17,3,9,2
jgoslin-integration-tests/jgoslin-parsers,de.isas.lipidomics.domain,LipidSpecies,400,179,63,13,55,38,57,10,20,7
jgoslin-integration-tests/jgoslin-parsers,de.isas.lipidomics.domain,LipidSpeciesInfo.LipidSubspeciesInfoBuilder,32,67,0,0,0,1,3,10,3,10
jgoslin-integration-tests/jgoslin-parsers,de.isas.lipidomics.domain,LipidSpeciesInfo,144,79,22,2,18,17,17,9,6,8
jgoslin-integration-tests/jgoslin-parsers,de.isas.lipidomics.domain,Adduct.None,0,9,0,0,0,2,0,1,0,1
jgoslin-integration-tests/jgoslin-parsers,de.isas.lipidomics.domain,FattyAcid.StructuralFattyAcidBuilder,18,63,0,0,0,1,1,10,1,10
jgoslin-integration-tests/jgoslin-parsers,de.isas.lipidomics.domain,LipidMolecularSubspecies,241,100,34,3,32,26,32,4,14,3
jgoslin-integration-tests/jgoslin-parsers,de.isas.lipidomics.domain,LipidAdduct,366,98,77,7,47,21,58,5,16,5
jgoslin-integration-tests/jgoslin-parsers,de.isas.lipidomics.domain,Adduct,240,80,46,6,18,14,36,9,13,6
jgoslin-integration-tests/jgoslin-parsers,de.isas.lipidomics.domain,FattyAcid.IsomericFattyAcidBuilder,20,70,0,0,0,1,1,11,1,11
jgoslin-integration-tests/jgoslin-parsers,de.isas.lipidomics.domain,LipidSpecies.None,0,9,0,0,0,2,0,1,0,1
jgoslin-integration-tests/jgoslin-parsers,de.isas.lipidomics.domain,FattyAcidType,0,34,0,0,0,2,0,1,0,1
jgoslin-integration-tests/jgoslin-parsers,de.isas.lipidomics.domain,LipidCategory,38,100,4,0,9,12,5,2,3,2
jgoslin-integration-tests/jgoslin-parsers,de.isas.lipidomics.domain,LipidSpeciesInfo.LipidSpeciesInfoBuilder,20,70,0,0,0,1,1,11,1,11
jgoslin-integration-tests/jgoslin-parsers,de.isas.lipidomics.domain,Element,3,250,1,3,1,27,2,8,1,7
jgoslin-integration-tests/jgoslin-parsers,de.isas.lipidomics.domain,ModificationsList,200,38,14,0,34,11,38,7,31,7
jgoslin-integration-tests/jgoslin-parsers,de.isas.lipidomics.domain,LipidStructuralSubspecies.LipidStructuralSubspeciesBuilder,28,0,0,0,1,0,5,0,5,0
jgoslin-integration-tests/jgoslin-parsers,de.isas.lipidomics.domain,FattyAcid.MolecularFattyAcidBuilder,21,51,0,0,0,1,2,8,2,8
jgoslin-integration-tests/jgoslin-parsers,de.isas.lipidomics.domain,LipidStructuralSubspecies,107,89,14,3,13,23,16,2,8,1
jgoslin-integration-tests/jgoslin-parsers,de.isas.lipidomics.domain,LipidLevel,0,74,0,0,0,8,0,1,0,1
jgoslin-integration-tests/jgoslin-parsers,de.isas.lipidomics.domain,Fragment,75,11,14,0,3,2,14,2,7,2
jgoslin-integration-tests/jgoslin-parsers,de.isas.lipidomics.domain,LipidFaBondType,54,134,11,17,11,24,11,9,1,2
jgoslin-integration-tests/jgoslin-parsers,de.isas.lipidomics.domain,Fragment.None,0,4,0,0,0,2,0,1,0,1
jgoslin-integration-tests/jgoslin-parsers,de.isas.lipidomics.domain,LipidMolecularSubspecies.LipidMolecularSubspeciesBuilder,28,0,0,0,1,0,5,0,5,0
jgoslin-integration-tests/jgoslin-parsers,de.isas.lipidomics.domain,LipidSpeciesInfo.None,0,12,0,0,0,2,0,1,0,1
jgoslin-integration-tests/jgoslin-parsers,de.isas.lipidomics.domain,HeadGroup,204,39,40,0,14,11,28,5,8,5
jgoslin-integration-tests/jgoslin-parsers,de.isas.lipidomics.domain,ExternalDatabaseReference,296,0,54,0,10,0,45,0,18,0
jgoslin-integration-tests/jgoslin-parsers,de.isas.lipidomics.domain,LipidClass,40,7275,4,4,10,324,8,12,5,11
jgoslin-integration-tests/jgoslin-parsers,de.isas.lipidomics.domain,LipidIsomericSubspecies.LipidIsomericSubspeciesBuilder,7,21,0,0,0,1,1,4,1,4
jgoslin-integration-tests/jgoslin-parsers,de.isas.lipidomics.domain,ElementTable,11,195,4,10,3,42,5,23,1,20
jgoslin-integration-tests/jgoslin-parsers,de.isas.lipidomics.domain,FattyAcid,503,328,83,27,49,80,57,22,8,15
jgoslin-integration-tests/jgoslin-parsers,de.isas.lipidomics.palinom.lipidmaps,MolecularSubspeciesFasHandler,145,216,13,17,34,37,13,8,1,4
jgoslin-integration-tests/jgoslin-parsers,de.isas.lipidomics.palinom.lipidmaps,IsomericSubspeciesLcbHandler,167,115,17,9,37,26,15,3,3,2
jgoslin-integration-tests/jgoslin-parsers,de.isas.lipidomics.palinom.lipidmaps,FattyAcylHandler,226,347,28,24,36,71,22,14,0,9
jgoslin-integration-tests/jgoslin-parsers,de.isas.lipidomics.palinom.lipidmaps,PolyketideHandler,15,55,3,3,3,12,3,4,0,4
jgoslin-integration-tests/jgoslin-parsers,de.isas.lipidomics.palinom.lipidmaps,SphingoLipidHandler,20,97,4,8,4,18,4,7,0,5
jgoslin-integration-tests/jgoslin-parsers,de.isas.lipidomics.palinom.lipidmaps,StructuralSubspeciesLcbHandler,38,210,5,15,7,40,5,11,1,5
jgoslin-integration-tests/jgoslin-parsers,de.isas.lipidomics.palinom.lipidmaps,LipidMapsVisitorImpl,3,51,2,4,1,11,2,5,0,4
jgoslin-integration-tests/jgoslin-parsers,de.isas.lipidomics.palinom.lipidmaps,FattyAcylHelper,28,207,6,23,6,51,6,21,0,11
jgoslin-integration-tests/jgoslin-parsers,de.isas.lipidomics.palinom.lipidmaps,IsomericSubspeciesFasHandler,106,156,12,12,25,29,11,6,2,3
jgoslin-integration-tests/jgoslin-parsers,de.isas.lipidomics.palinom.lipidmaps,SterolLipidHandler,18,112,6,10,3,16,6,7,0,5
jgoslin-integration-tests/jgoslin-parsers,de.isas.lipidomics.palinom.lipidmaps,LipidMapsVisitorImpl.LipidVisitor,20,183,4,20,3,33,4,12,0,1
jgoslin-integration-tests/jgoslin-parsers,de.isas.lipidomics.palinom.lipidmaps,LipidMapsVisitorParser,10,65,1,1,1,15,1,4,0,4
jgoslin-integration-tests/jgoslin-parsers,de.isas.lipidomics.palinom.lipidmaps,GlycerophosphoLipidHandler,162,230,30,28,35,47,22,15,1,7
jgoslin-integration-tests/jgoslin-parsers,de.isas.lipidomics.palinom.lipidmaps,GlyceroLipidHandler,49,111,9,11,9,22,7,8,0,5
jgoslin-integration-tests/jgoslin-parsers,de.isas.lipidomics.palinom.lipidmaps,StructuralSubspeciesFasHandler,5,210,3,17,1,40,3,12,0,5
jgoslin-integration-tests/jgoslin-parsers,de.isas.lipidomics.palinom.sumformula,SumFormulaVisitorParser,21,54,1,1,3,13,1,4,0,4
jgoslin-integration-tests/jgoslin-parsers,de.isas.lipidomics.palinom.sumformula,SumFormulaVisitorImpl,8,98,5,9,2,24,5,8,0,6
