GROUP,PACKAGE,CLASS,INSTRUCTION_MISSED,INSTRUCTION_COVERED,BRANCH_MISSED,BRANCH_COVERED,LINE_MISSED,LINE_COVERED,COMPLEXITY_MISSED,COMPLEXITY_COVERED,METHOD_MISSED,METHOD_COVERED
jgoslin-parsers,org.lifstools.jgoslin.parser,Parser.ParsingErrors,0,12,0,0,0,4,0,1,0,1
jgoslin-parsers,org.lifstools.jgoslin.parser,ShorthandParserEventHandler,118,2507,21,77,22,409,23,94,3,64
jgoslin-parsers,org.lifstools.jgoslin.parser,LipidParser,6,135,3,7,2,26,3,7,0,5
jgoslin-parsers,org.lifstools.jgoslin.parser,Parser,129,2346,32,251,27,412,31,131,2,16
jgoslin-parsers,org.lifstools.jgoslin.parser,SwissLipidsParserEventHandler,134,772,18,30,25,153,18,35,5,24
jgoslin-parsers,org.lifstools.jgoslin.parser,Parser.Context,0,27,0,0,0,2,0,1,0,1
jgoslin-parsers,org.lifstools.jgoslin.parser,Parser.DPNode,0,24,0,0,0,8,0,1,0,1
jgoslin-parsers,org.lifstools.jgoslin.parser,BaseParserEventHandler,45,96,8,10,6,23,7,7,1,4
jgoslin-parsers,org.lifstools.jgoslin.parser,SumFormulaParserEventHandler,18,131,2,2,4,26,2,6,0,6
jgoslin-parsers,org.lifstools.jgoslin.parser,GoslinParserEventHandler,127,2352,23,70,17,377,22,70,0,36
jgoslin-parsers,org.lifstools.jgoslin.parser,Parser.MatchWords,0,39,0,0,0,2,0,1,0,1
jgoslin-parsers,org.lifstools.jgoslin.parser,LipidBaseParserEventHandler,16,470,15,60,2,59,14,32,0,6
jgoslin-parsers,org.lifstools.jgoslin.parser,FattyAcidParserEventHandler,354,5146,62,315,42,822,54,197,0,60
jgoslin-parsers,org.lifstools.jgoslin.parser,GoslinParser,0,30,0,0,0,8,0,4,0,4
jgoslin-parsers,org.lifstools.jgoslin.parser,Bitfield,18,215,4,16,2,35,4,14,0,8
jgoslin-parsers,org.lifstools.jgoslin.parser,TreeNode,2,57,2,6,0,13,2,5,0,3
jgoslin-parsers,org.lifstools.jgoslin.parser,HmdbParser,0,30,0,0,0,8,0,4,0,4
jgoslin-parsers,org.lifstools.jgoslin.parser,LipidMapsParserEventHandler,168,1055,22,42,39,209,23,44,7,28
jgoslin-parsers,org.lifstools.jgoslin.parser,LipidMapsParser,0,30,0,0,0,8,0,4,0,4
jgoslin-parsers,org.lifstools.jgoslin.parser,FattyAcidParser,0,46,0,0,0,10,0,6,0,6
jgoslin-parsers,org.lifstools.jgoslin.parser,HmdbParserEventHandler,132,917,16,34,26,174,20,38,7,26
jgoslin-parsers,org.lifstools.jgoslin.parser,SumFormulaParser,0,15,0,0,0,5,0,3,0,3
jgoslin-parsers,org.lifstools.jgoslin.parser,SwissLipidsParser,0,30,0,0,0,8,0,4,0,4
jgoslin-parsers,org.lifstools.jgoslin.parser,ShorthandParser,0,30,0,0,0,8,0,4,0,4
jgoslin-parsers,org.lifstools.jgoslin.domain,Cycle,162,1023,14,83,19,168,14,66,0,29
jgoslin-parsers,org.lifstools.jgoslin.domain,FunctionalGroup,53,469,5,27,7,111,7,54,3,42
jgoslin-parsers,org.lifstools.jgoslin.domain,LipidCompleteStructure,0,42,0,3,0,11,0,7,0,5
jgoslin-parsers,org.lifstools.jgoslin.domain,ConstraintViolationException,7,9,0,0,4,4,2,2,2,2
jgoslin-parsers,org.lifstools.jgoslin.domain,FattyAcid,76,909,21,97,11,155,19,65,1,22
jgoslin-parsers,org.lifstools.jgoslin.domain,AcylAlkylGroup,44,180,6,20,7,29,7,15,3,6
jgoslin-parsers,org.lifstools.jgoslin.domain,LipidSpeciesInfo,36,381,1,27,15,65,11,24,10,11
jgoslin-parsers,org.lifstools.jgoslin.domain,LipidSpecies,53,369,17,41,6,58,15,25,1,9
jgoslin-parsers,org.lifstools.jgoslin.domain,Adduct,75,418,9,5,14,51,12,8,5,8
jgoslin-parsers,org.lifstools.jgoslin.domain,HeadgroupDecorator,9,191,2,18,3,30,3,15,1,7
jgoslin-parsers,org.lifstools.jgoslin.domain,LipidClasses,15,509,4,36,2,84,4,22,0,6
jgoslin-parsers,org.lifstools.jgoslin.domain,LipidException,7,9,0,0,4,4,2,2,2,2
jgoslin-parsers,org.lifstools.jgoslin.domain,LipidCategory,6,104,1,3,1,21,1,6,0,5
jgoslin-parsers,org.lifstools.jgoslin.domain,KnownFunctionalGroups,0,193,0,16,0,34,0,12,0,4
jgoslin-parsers,org.lifstools.jgoslin.domain,LipidClassMeta,24,27,0,0,8,10,8,1,8,1
jgoslin-parsers,org.lifstools.jgoslin.domain,StringFunctions,3,272,7,41,0,62,7,27,0,10
jgoslin-parsers,org.lifstools.jgoslin.domain,LipidAdduct,126,211,18,16,11,46,20,17,8,12
jgoslin-parsers,org.lifstools.jgoslin.domain,LipidStructureDefined,0,42,0,3,0,11,0,7,0,5
jgoslin-parsers,org.lifstools.jgoslin.domain,LipidMolecularSpecies,30,244,5,32,7,54,8,20,3,6
jgoslin-parsers,org.lifstools.jgoslin.domain,Elements,3,553,0,0,1,77,1,1,1,1
jgoslin-parsers,org.lifstools.jgoslin.domain,ElementTable,53,178,2,6,9,33,5,17,4,14
jgoslin-parsers,org.lifstools.jgoslin.domain,LipidParsingException,7,9,0,0,4,4,2,2,2,2
jgoslin-parsers,org.lifstools.jgoslin.domain,Element,0,117,0,0,0,2,0,1,0,1
jgoslin-parsers,org.lifstools.jgoslin.domain,UnsupportedLipidException,16,0,0,0,8,0,4,0,4,0
jgoslin-parsers,org.lifstools.jgoslin.domain,GenericList,0,3,0,0,0,1,0,1,0,1
jgoslin-parsers,org.lifstools.jgoslin.domain,LipidSnPosition,0,60,0,5,0,15,0,8,0,5
jgoslin-parsers,org.lifstools.jgoslin.domain,LipidLevel,0,90,0,2,0,15,0,4,0,3
jgoslin-parsers,org.lifstools.jgoslin.domain,Dictionary,0,3,0,0,0,1,0,1,0,1
jgoslin-parsers,org.lifstools.jgoslin.domain,LipidFaBondType,0,63,0,0,0,11,0,1,0,1
jgoslin-parsers,org.lifstools.jgoslin.domain,LipidFullStructure,0,42,0,3,0,11,0,7,0,5
jgoslin-parsers,org.lifstools.jgoslin.domain,CarbonChain,0,98,0,4,0,13,0,7,0,5
jgoslin-parsers,org.lifstools.jgoslin.domain,Headgroup,41,459,4,56,15,87,11,43,7,17
jgoslin-parsers,org.lifstools.jgoslin.domain,DoubleBonds,12,77,1,3,1,22,1,9,0,8
